#
# There is insufficient memory for the Java Runtime Environment to continue.
# Native memory allocation (malloc) failed to allocate 1969104 bytes for Chunk::new
# Possible reasons:
#   The system is out of physical RAM or swap space
#   The process is running with CompressedOops enabled, and the Java Heap may be blocking the growth of the native heap
# Possible solutions:
#   Reduce memory load on the system
#   Increase physical memory or swap space
#   Check if swap backing store is full
#   Decrease Java heap size (-Xmx/-Xms)
#   Decrease number of Java threads
#   Decrease Java thread stack sizes (-Xss)
#   Set larger code cache with -XX:ReservedCodeCacheSize=
#   JVM is running with Unscaled Compressed Oops mode in which the Java heap is
#     placed in the first 4GB address space. The Java Heap base address is the
#     maximum limit for the native heap growth. Please use -XX:HeapBaseMinAddress
#     to set the Java Heap base and to place the Java Heap above 4GB virtual address.
# This output file may be truncated or incomplete.
#
#  Out of Memory Error (arena.cpp:191), pid=4620, tid=12152
#
# JRE version: OpenJDK Runtime Environment Temurin-17.0.9+9 (17.0.9+9) (build 17.0.9+9)
# Java VM: OpenJDK 64-Bit Server VM Temurin-17.0.9+9 (17.0.9+9, mixed mode, tiered, compressed oops, compressed class ptrs, parallel gc, windows-amd64)
# No core dump will be written. Minidumps are not enabled by default on client versions of Windows
#

---------------  S U M M A R Y ------------

Command Line: --add-modules=ALL-SYSTEM --add-opens=java.base/java.util=ALL-UNNAMED --add-opens=java.base/java.lang=ALL-UNNAMED --add-opens=java.base/sun.nio.fs=ALL-UNNAMED -Declipse.application=org.eclipse.jdt.ls.core.id1 -Dosgi.bundles.defaultStartLevel=4 -Declipse.product=org.eclipse.jdt.ls.core.product -Djava.import.generatesMetadataFilesAtProjectRoot=false -DDetectVMInstallationsJob.disabled=true -Dfile.encoding=utf8 -XX:+UseParallelGC -XX:GCTimeRatio=4 -XX:AdaptiveSizePolicyWeight=90 -Dsun.zip.disableMemoryMapping=true -Xmx1G -Xms100m -Xlog:disable -javaagent:c:\Users\D&T\.vscode\extensions\redhat.java-1.25.1-win32-x64\lombok\lombok-1.18.30.jar c:\Users\D&T\.vscode\extensions\redhat.java-1.25.1-win32-x64\server\plugins\org.eclipse.equinox.launcher_1.6.600.v20231106-1826.jar -configuration c:\Users\D&T\AppData\Roaming\Code\User\globalStorage\redhat.java\1.25.1\config_ss_win -data c:\Users\D&T\AppData\Roaming\Code\User\workspaceStorage\aa611f619f8a67acc80f9296a39a286f\redhat.java\ss_ws --stdio

Host: Intel(R) Celeron(R) N4100 CPU @ 1.10GHz, 4 cores, 3G,  Windows 10 , 64 bit Build 19041 (10.0.19041.3155)
Time: Thu Jan  4 14:46:05 2024 Malay Peninsula Standard Time elapsed time: 9.259942 seconds (0d 0h 0m 9s)

---------------  T H R E A D  ---------------

Current thread (0x0000022bf6cb51d0):  JavaThread "C2 CompilerThread0" daemon [_thread_in_native, id=12152, stack(0x00000070cdd00000,0x00000070cde00000)]


Current CompileTask:
C2:   9260 3948   !   4       org.eclipse.osgi.internal.loader.classpath.ClasspathManager::findLocalClass (210 bytes)

Stack: [0x00000070cdd00000,0x00000070cde00000]
Native frames: (J=compiled Java code, j=interpreted, Vv=VM code, C=native code)
V  [jvm.dll+0x67cf49]
V  [jvm.dll+0x83478a]
V  [jvm.dll+0x83624e]
V  [jvm.dll+0x8368b3]
V  [jvm.dll+0x247f1f]
V  [jvm.dll+0xac43c]
V  [jvm.dll+0xaca8c]
V  [jvm.dll+0x367067]
V  [jvm.dll+0x3313ba]
V  [jvm.dll+0x33085a]
V  [jvm.dll+0x21a5b1]
V  [jvm.dll+0x2199d1]
V  [jvm.dll+0x1a57cd]
V  [jvm.dll+0x2297ae]
V  [jvm.dll+0x22797c]
V  [jvm.dll+0x7e9877]
V  [jvm.dll+0x7e3c3a]
V  [jvm.dll+0x67be35]
C  [ucrtbase.dll+0x21bb2]
C  [KERNEL32.DLL+0x17614]
C  [ntdll.dll+0x526b1]


---------------  P R O C E S S  ---------------

Threads class SMR info:
_java_thread_list=0x0000022bfd82c040, length=25, elements={
0x0000022bf1e47290, 0x0000022bf6c86750, 0x0000022bf6c89050, 0x0000022bf6caf270,
0x0000022bf6cb0000, 0x0000022bf6cb1c40, 0x0000022bf6cb4520, 0x0000022bf6cb51d0,
0x0000022bfbf01f70, 0x0000022bfbf1ec20, 0x0000022bfbfade40, 0x0000022bfc2d16d0,
0x0000022bfc8b21a0, 0x0000022bfc898830, 0x0000022bfc829080, 0x0000022bfcecbaf0,
0x0000022bfcc36960, 0x0000022bfcc35010, 0x0000022bfcc35a30, 0x0000022bfcc37890,
0x0000022bfcc340e0, 0x0000022bfcc345f0, 0x0000022bfcc36450, 0x0000022bfcc36e70,
0x0000022bfcddc680
}

Java Threads: ( => current thread )
  0x0000022bf1e47290 JavaThread "main" [_thread_blocked, id=15340, stack(0x00000070cd400000,0x00000070cd500000)]
  0x0000022bf6c86750 JavaThread "Reference Handler" daemon [_thread_blocked, id=1572, stack(0x00000070cd700000,0x00000070cd800000)]
  0x0000022bf6c89050 JavaThread "Finalizer" daemon [_thread_blocked, id=3608, stack(0x00000070cd800000,0x00000070cd900000)]
  0x0000022bf6caf270 JavaThread "Signal Dispatcher" daemon [_thread_blocked, id=11032, stack(0x00000070cd900000,0x00000070cda00000)]
  0x0000022bf6cb0000 JavaThread "Attach Listener" daemon [_thread_blocked, id=8804, stack(0x00000070cda00000,0x00000070cdb00000)]
  0x0000022bf6cb1c40 JavaThread "Service Thread" daemon [_thread_blocked, id=14452, stack(0x00000070cdb00000,0x00000070cdc00000)]
  0x0000022bf6cb4520 JavaThread "Monitor Deflation Thread" daemon [_thread_blocked, id=8968, stack(0x00000070cdc00000,0x00000070cdd00000)]
=>0x0000022bf6cb51d0 JavaThread "C2 CompilerThread0" daemon [_thread_in_native, id=12152, stack(0x00000070cdd00000,0x00000070cde00000)]
  0x0000022bfbf01f70 JavaThread "C1 CompilerThread0" daemon [_thread_in_native, id=13444, stack(0x00000070cde00000,0x00000070cdf00000)]
  0x0000022bfbf1ec20 JavaThread "Sweeper thread" daemon [_thread_blocked, id=2512, stack(0x00000070cdf00000,0x00000070ce000000)]
  0x0000022bfbfade40 JavaThread "Common-Cleaner" daemon [_thread_blocked, id=11012, stack(0x00000070ce000000,0x00000070ce100000)]
  0x0000022bfc2d16d0 JavaThread "Notification Thread" daemon [_thread_blocked, id=11648, stack(0x00000070ce100000,0x00000070ce200000)]
  0x0000022bfc8b21a0 JavaThread "Active Thread: Equinox Container: beeb0bb6-b1ad-4e1f-a361-632d4f0ce381" [_thread_blocked, id=11792, stack(0x00000070ce700000,0x00000070ce800000)]
  0x0000022bfc898830 JavaThread "Framework Event Dispatcher: Equinox Container: beeb0bb6-b1ad-4e1f-a361-632d4f0ce381" daemon [_thread_blocked, id=11888, stack(0x00000070ce800000,0x00000070ce900000)]
  0x0000022bfc829080 JavaThread "Start Level: Equinox Container: beeb0bb6-b1ad-4e1f-a361-632d4f0ce381" daemon [_thread_blocked, id=248, stack(0x00000070ce900000,0x00000070cea00000)]
  0x0000022bfcecbaf0 JavaThread "SCR Component Actor" daemon [_thread_blocked, id=11496, stack(0x00000070cea00000,0x00000070ceb00000)]
  0x0000022bfcc36960 JavaThread "Worker-JM" [_thread_blocked, id=8084, stack(0x00000070cec00000,0x00000070ced00000)]
  0x0000022bfcc35010 JavaThread "Worker-0" [_thread_blocked, id=10344, stack(0x00000070ced00000,0x00000070cee00000)]
  0x0000022bfcc35a30 JavaThread "Worker-1" [_thread_blocked, id=6044, stack(0x00000070cee00000,0x00000070cef00000)]
  0x0000022bfcc37890 JavaThread "JNA Cleaner" daemon [_thread_blocked, id=8568, stack(0x00000070cef00000,0x00000070cf000000)]
  0x0000022bfcc340e0 JavaThread "pool-2-thread-1" [_thread_blocked, id=14076, stack(0x00000070cf000000,0x00000070cf100000)]
  0x0000022bfcc345f0 JavaThread "WorkspaceEventsHandler" [_thread_blocked, id=9356, stack(0x00000070cf100000,0x00000070cf200000)]
  0x0000022bfcc36450 JavaThread "pool-1-thread-1" [_thread_in_vm, id=7520, stack(0x00000070cf200000,0x00000070cf300000)]
  0x0000022bfcc36e70 JavaThread "ForkJoinPool.commonPool-worker-1" daemon [_thread_in_Java, id=2296, stack(0x00000070cf300000,0x00000070cf400000)]
  0x0000022bfcddc680 JavaThread "C2 CompilerThread1" daemon [_thread_in_native, id=11584, stack(0x00000070ce300000,0x00000070ce400000)]

Other Threads:
  0x0000022bf6b8e450 VMThread "VM Thread" [stack: 0x00000070cd600000,0x00000070cd700000] [id=12044]
  0x0000022bfc2d1bb0 WatcherThread [stack: 0x00000070ce200000,0x00000070ce300000] [id=9312]
  0x0000022bf1e5d520 GCTaskThread "GC Thread#0" [stack: 0x00000070cd500000,0x00000070cd600000] [id=7480]
  0x0000022bfcad5720 GCTaskThread "GC Thread#1" [stack: 0x00000070ce400000,0x00000070ce500000] [id=452]
  0x0000022bfc7bc6d0 GCTaskThread "GC Thread#2" [stack: 0x00000070ce500000,0x00000070ce600000] [id=3588]
  0x0000022bfc805600 GCTaskThread "GC Thread#3" [stack: 0x00000070ce600000,0x00000070ce700000] [id=4924]

Threads with active compile tasks:
C2 CompilerThread0     9308 3948   !   4       org.eclipse.osgi.internal.loader.classpath.ClasspathManager::findLocalClass (210 bytes)
C1 CompilerThread0     9309 4093   !   3       org.eclipse.jdt.internal.compiler.parser.Scanner::getNextToken0 (2517 bytes)
C2 CompilerThread1     9309 4054       4       org.lombokweb.asm.ClassReader::readMethod (1066 bytes)

VM state: not at safepoint (normal execution)

VM Mutex/Monitor currently owned by a thread: None

Heap address: 0x00000000c0000000, size: 1024 MB, Compressed Oops mode: 32-bit

CDS archive(s) not mapped
Compressed class space mapped at: 0x0000000100000000-0x0000000140000000, reserved size: 1073741824
Narrow klass base: 0x0000000000000000, Narrow klass shift: 3, Narrow klass range: 0x140000000

GC Precious Log:
 CPUs: 4 total, 4 available
 Memory: 3918M
 Large Page Support: Disabled
 NUMA Support: Disabled
 Compressed Oops: Enabled (32-bit)
 Alignments: Space 512K, Generation 512K, Heap 2M
 Heap Min Capacity: 100M
 Heap Initial Capacity: 100M
 Heap Max Capacity: 1G
 Pre-touch: Disabled
 Parallel Workers: 4

Heap:
 PSYoungGen      total 22528K, used 2924K [0x00000000eab00000, 0x00000000ec480000, 0x0000000100000000)
  eden space 22016K, 12% used [0x00000000eab00000,0x00000000eadc3158,0x00000000ec080000)
  from space 512K, 18% used [0x00000000ec400000,0x00000000ec418000,0x00000000ec480000)
  to   space 512K, 0% used [0x00000000ec380000,0x00000000ec380000,0x00000000ec400000)
 ParOldGen       total 68608K, used 25610K [0x00000000c0000000, 0x00000000c4300000, 0x00000000eab00000)
  object space 68608K, 37% used [0x00000000c0000000,0x00000000c1902938,0x00000000c4300000)
 Metaspace       used 42613K, committed 43392K, reserved 1114112K
  class space    used 4334K, committed 4736K, reserved 1048576K

Card table byte_map: [0x0000022bf1800000,0x0000022bf1a10000] _byte_map_base: 0x0000022bf1200000

Marking Bits: (ParMarkBitMap*) 0x00007ff9110cd0b0
 Begin Bits: [0x0000022bf4af0000, 0x0000022bf5af0000)
 End Bits:   [0x0000022bf5af0000, 0x0000022bf6af0000)

Polling page: 0x0000022befd40000

Metaspace:

Usage:
  Non-class:     37.38 MB used.
      Class:      4.23 MB used.
       Both:     41.62 MB used.

Virtual space:
  Non-class space:       64.00 MB reserved,      37.75 MB ( 59%) committed,  1 nodes.
      Class space:        1.00 GB reserved,       4.62 MB ( <1%) committed,  1 nodes.
             Both:        1.06 GB reserved,      42.38 MB (  4%) committed. 

Chunk freelists:
   Non-Class:  9.88 MB
       Class:  11.28 MB
        Both:  21.15 MB

MaxMetaspaceSize: unlimited
CompressedClassSpaceSize: 1.00 GB
Initial GC threshold: 21.00 MB
Current GC threshold: 58.38 MB
CDS: off
MetaspaceReclaimPolicy: balanced
 - commit_granule_bytes: 65536.
 - commit_granule_words: 8192.
 - virtual_space_node_default_size: 8388608.
 - enlarge_chunks_in_place: 1.
 - new_chunks_are_fully_committed: 0.
 - uncommit_free_chunks: 1.
 - use_allocation_guard: 0.
 - handle_deallocations: 1.


Internal statistics:

num_allocs_failed_limit: 6.
num_arena_births: 376.
num_arena_deaths: 14.
num_vsnodes_births: 2.
num_vsnodes_deaths: 0.
num_space_committed: 678.
num_space_uncommitted: 0.
num_chunks_returned_to_freelist: 20.
num_chunks_taken_from_freelist: 1731.
num_chunk_merges: 7.
num_chunk_splits: 1139.
num_chunks_enlarged: 785.
num_inconsistent_stats: 0.

CodeHeap 'non-profiled nmethods': size=120000Kb used=2004Kb max_used=2004Kb free=117996Kb
 bounds [0x0000022b87ad0000, 0x0000022b87d40000, 0x0000022b8f000000]
CodeHeap 'profiled nmethods': size=120000Kb used=9021Kb max_used=9021Kb free=110978Kb
 bounds [0x0000022b80000000, 0x0000022b808d0000, 0x0000022b87530000]
CodeHeap 'non-nmethods': size=5760Kb used=1293Kb max_used=1317Kb free=4466Kb
 bounds [0x0000022b87530000, 0x0000022b877a0000, 0x0000022b87ad0000]
 total_blobs=4695 nmethods=4073 adapters=536
 compilation: enabled
              stopped_count=0, restarted_count=0
 full_count=0

Compilation events (20 events):
Event: 9.102 Thread 0x0000022bfcddc680 nmethod 4027 0x0000022b87cc3510 code [0x0000022b87cc36e0, 0x0000022b87cc3e58]
Event: 9.103 Thread 0x0000022bfcddc680 4054       4       org.lombokweb.asm.ClassReader::readMethod (1066 bytes)
Event: 9.103 Thread 0x0000022bfbf01f70 nmethod 4057 0x0000022b808af090 code [0x0000022b808af2a0, 0x0000022b808af768]
Event: 9.108 Thread 0x0000022bfbf01f70 4060       2       org.lombokweb.asm.Handler::getExceptionTableLength (21 bytes)
Event: 9.108 Thread 0x0000022bfbf01f70 nmethod 4060 0x0000022b808afb10 code [0x0000022b808afca0, 0x0000022b808afdf8]
Event: 9.108 Thread 0x0000022bfbf01f70 4059       2       org.lombokweb.asm.Handler::putExceptionTable (63 bytes)
Event: 9.109 Thread 0x0000022bfbf01f70 nmethod 4059 0x0000022b808aff10 code [0x0000022b808b0100, 0x0000022b808b03e8]
Event: 9.120 Thread 0x0000022bfbf01f70 4062       3       java.util.regex.Matcher::match (154 bytes)
Event: 9.121 Thread 0x0000022bfbf01f70 nmethod 4062 0x0000022b808b0690 code [0x0000022b808b0880, 0x0000022b808b0e48]
Event: 9.123 Thread 0x0000022bfbf01f70 4063       2       lombok.patcher.MethodLogistics::sizeOf (46 bytes)
Event: 9.124 Thread 0x0000022bfbf01f70 nmethod 4063 0x0000022b808b1090 code [0x0000022b808b1260, 0x0000022b808b1538]
Event: 9.129 Thread 0x0000022bfbf01f70 4064       2       org.lombokweb.asm.MethodVisitor::visitCode (15 bytes)
Event: 9.129 Thread 0x0000022bfbf01f70 nmethod 4064 0x0000022b808b1710 code [0x0000022b808b18a0, 0x0000022b808b19c8]
Event: 9.130 Thread 0x0000022bfbf01f70 4065       2       org.lombokweb.asm.MethodVisitor::visitMaxs (17 bytes)
Event: 9.130 Thread 0x0000022bfbf01f70 nmethod 4065 0x0000022b808b1a90 code [0x0000022b808b1c20, 0x0000022b808b1d48]
Event: 9.130 Thread 0x0000022bfbf01f70 4066       2       org.lombokweb.asm.MethodVisitor::visitEnd (15 bytes)
Event: 9.130 Thread 0x0000022bfbf01f70 nmethod 4066 0x0000022b808b1e10 code [0x0000022b808b1fa0, 0x0000022b808b20c8]
Event: 9.139 Thread 0x0000022bfbf01f70 4068       2       org.lombokweb.asm.SymbolTable::addConstantMethodHandle (41 bytes)
Event: 9.139 Thread 0x0000022bfbf01f70 nmethod 4068 0x0000022b808b2190 code [0x0000022b808b2360, 0x0000022b808b2648]
Event: 9.254 Thread 0x0000022bfbf01f70 4069       2       org.eclipse.jdt.internal.compiler.parser.Parser::consumeToken (2335 bytes)

GC Heap History (20 events):
Event: 6.642 GC heap before
{Heap before GC invocations=11 (full 2):
 PSYoungGen      total 27136K, used 24064K [0x00000000eab00000, 0x00000000ec980000, 0x0000000100000000)
  eden space 24064K, 100% used [0x00000000eab00000,0x00000000ec280000,0x00000000ec280000)
  from space 3072K, 0% used [0x00000000ec680000,0x00000000ec680000,0x00000000ec980000)
  to   space 3072K, 0% used [0x00000000ec380000,0x00000000ec380000,0x00000000ec680000)
 ParOldGen       total 68608K, used 11051K [0x00000000c0000000, 0x00000000c4300000, 0x00000000eab00000)
  object space 68608K, 16% used [0x00000000c0000000,0x00000000c0acadd0,0x00000000c4300000)
 Metaspace       used 36470K, committed 37312K, reserved 1114112K
  class space    used 3710K, committed 4096K, reserved 1048576K
}
Event: 6.646 GC heap after
{Heap after GC invocations=11 (full 2):
 PSYoungGen      total 25600K, used 1984K [0x00000000eab00000, 0x00000000ec700000, 0x0000000100000000)
  eden space 23552K, 0% used [0x00000000eab00000,0x00000000eab00000,0x00000000ec200000)
  from space 2048K, 96% used [0x00000000ec380000,0x00000000ec570020,0x00000000ec580000)
  to   space 1536K, 0% used [0x00000000ec580000,0x00000000ec580000,0x00000000ec700000)
 ParOldGen       total 68608K, used 11059K [0x00000000c0000000, 0x00000000c4300000, 0x00000000eab00000)
  object space 68608K, 16% used [0x00000000c0000000,0x00000000c0accdd0,0x00000000c4300000)
 Metaspace       used 36470K, committed 37312K, reserved 1114112K
  class space    used 3710K, committed 4096K, reserved 1048576K
}
Event: 6.850 GC heap before
{Heap before GC invocations=12 (full 2):
 PSYoungGen      total 25600K, used 25536K [0x00000000eab00000, 0x00000000ec700000, 0x0000000100000000)
  eden space 23552K, 100% used [0x00000000eab00000,0x00000000ec200000,0x00000000ec200000)
  from space 2048K, 96% used [0x00000000ec380000,0x00000000ec570020,0x00000000ec580000)
  to   space 1536K, 0% used [0x00000000ec580000,0x00000000ec580000,0x00000000ec700000)
 ParOldGen       total 68608K, used 11059K [0x00000000c0000000, 0x00000000c4300000, 0x00000000eab00000)
  object space 68608K, 16% used [0x00000000c0000000,0x00000000c0accdd0,0x00000000c4300000)
 Metaspace       used 36660K, committed 37440K, reserved 1114112K
  class space    used 3731K, committed 4096K, reserved 1048576K
}
Event: 6.858 GC heap after
{Heap after GC invocations=12 (full 2):
 PSYoungGen      total 24064K, used 1504K [0x00000000eab00000, 0x00000000eca80000, 0x0000000100000000)
  eden space 22528K, 0% used [0x00000000eab00000,0x00000000eab00000,0x00000000ec100000)
  from space 1536K, 97% used [0x00000000ec580000,0x00000000ec6f8020,0x00000000ec700000)
  to   space 4608K, 0% used [0x00000000ec100000,0x00000000ec100000,0x00000000ec580000)
 ParOldGen       total 68608K, used 13435K [0x00000000c0000000, 0x00000000c4300000, 0x00000000eab00000)
  object space 68608K, 19% used [0x00000000c0000000,0x00000000c0d1edd0,0x00000000c4300000)
 Metaspace       used 36660K, committed 37440K, reserved 1114112K
  class space    used 3731K, committed 4096K, reserved 1048576K
}
Event: 6.974 GC heap before
{Heap before GC invocations=13 (full 2):
 PSYoungGen      total 24064K, used 24032K [0x00000000eab00000, 0x00000000eca80000, 0x0000000100000000)
  eden space 22528K, 100% used [0x00000000eab00000,0x00000000ec100000,0x00000000ec100000)
  from space 1536K, 97% used [0x00000000ec580000,0x00000000ec6f8020,0x00000000ec700000)
  to   space 4608K, 0% used [0x00000000ec100000,0x00000000ec100000,0x00000000ec580000)
 ParOldGen       total 68608K, used 13435K [0x00000000c0000000, 0x00000000c4300000, 0x00000000eab00000)
  object space 68608K, 19% used [0x00000000c0000000,0x00000000c0d1edd0,0x00000000c4300000)
 Metaspace       used 36739K, committed 37568K, reserved 1114112K
  class space    used 3743K, committed 4160K, reserved 1048576K
}
Event: 6.981 GC heap after
{Heap after GC invocations=13 (full 2):
 PSYoungGen      total 24576K, used 2400K [0x00000000eab00000, 0x00000000ec680000, 0x0000000100000000)
  eden space 22016K, 0% used [0x00000000eab00000,0x00000000eab00000,0x00000000ec080000)
  from space 2560K, 93% used [0x00000000ec100000,0x00000000ec358020,0x00000000ec380000)
  to   space 3072K, 0% used [0x00000000ec380000,0x00000000ec380000,0x00000000ec680000)
 ParOldGen       total 68608K, used 14885K [0x00000000c0000000, 0x00000000c4300000, 0x00000000eab00000)
  object space 68608K, 21% used [0x00000000c0000000,0x00000000c0e89780,0x00000000c4300000)
 Metaspace       used 36739K, committed 37568K, reserved 1114112K
  class space    used 3743K, committed 4160K, reserved 1048576K
}
Event: 7.060 GC heap before
{Heap before GC invocations=14 (full 2):
 PSYoungGen      total 24576K, used 24416K [0x00000000eab00000, 0x00000000ec680000, 0x0000000100000000)
  eden space 22016K, 100% used [0x00000000eab00000,0x00000000ec080000,0x00000000ec080000)
  from space 2560K, 93% used [0x00000000ec100000,0x00000000ec358020,0x00000000ec380000)
  to   space 3072K, 0% used [0x00000000ec380000,0x00000000ec380000,0x00000000ec680000)
 ParOldGen       total 68608K, used 14885K [0x00000000c0000000, 0x00000000c4300000, 0x00000000eab00000)
  object space 68608K, 21% used [0x00000000c0000000,0x00000000c0e89780,0x00000000c4300000)
 Metaspace       used 36739K, committed 37568K, reserved 1114112K
  class space    used 3743K, committed 4160K, reserved 1048576K
}
Event: 7.066 GC heap after
{Heap after GC invocations=14 (full 2):
 PSYoungGen      total 24064K, used 1952K [0x00000000eab00000, 0x00000000ec580000, 0x0000000100000000)
  eden space 22016K, 0% used [0x00000000eab00000,0x00000000eab00000,0x00000000ec080000)
  from space 2048K, 95% used [0x00000000ec380000,0x00000000ec568000,0x00000000ec580000)
  to   space 2560K, 0% used [0x00000000ec080000,0x00000000ec080000,0x00000000ec300000)
 ParOldGen       total 68608K, used 17231K [0x00000000c0000000, 0x00000000c4300000, 0x00000000eab00000)
  object space 68608K, 25% used [0x00000000c0000000,0x00000000c10d3c08,0x00000000c4300000)
 Metaspace       used 36739K, committed 37568K, reserved 1114112K
  class space    used 3743K, committed 4160K, reserved 1048576K
}
Event: 7.129 GC heap before
{Heap before GC invocations=15 (full 2):
 PSYoungGen      total 24064K, used 23968K [0x00000000eab00000, 0x00000000ec580000, 0x0000000100000000)
  eden space 22016K, 100% used [0x00000000eab00000,0x00000000ec080000,0x00000000ec080000)
  from space 2048K, 95% used [0x00000000ec380000,0x00000000ec568000,0x00000000ec580000)
  to   space 2560K, 0% used [0x00000000ec080000,0x00000000ec080000,0x00000000ec300000)
 ParOldGen       total 68608K, used 17231K [0x00000000c0000000, 0x00000000c4300000, 0x00000000eab00000)
  object space 68608K, 25% used [0x00000000c0000000,0x00000000c10d3c08,0x00000000c4300000)
 Metaspace       used 36739K, committed 37568K, reserved 1114112K
  class space    used 3743K, committed 4160K, reserved 1048576K
}
Event: 7.137 GC heap after
{Heap after GC invocations=15 (full 2):
 PSYoungGen      total 24576K, used 2272K [0x00000000eab00000, 0x00000000ec580000, 0x0000000100000000)
  eden space 22016K, 0% used [0x00000000eab00000,0x00000000eab00000,0x00000000ec080000)
  from space 2560K, 88% used [0x00000000ec080000,0x00000000ec2b8010,0x00000000ec300000)
  to   space 2560K, 0% used [0x00000000ec300000,0x00000000ec300000,0x00000000ec580000)
 ParOldGen       total 68608K, used 19175K [0x00000000c0000000, 0x00000000c4300000, 0x00000000eab00000)
  object space 68608K, 27% used [0x00000000c0000000,0x00000000c12b9c08,0x00000000c4300000)
 Metaspace       used 36739K, committed 37568K, reserved 1114112K
  class space    used 3743K, committed 4160K, reserved 1048576K
}
Event: 7.198 GC heap before
{Heap before GC invocations=16 (full 2):
 PSYoungGen      total 24576K, used 24288K [0x00000000eab00000, 0x00000000ec580000, 0x0000000100000000)
  eden space 22016K, 100% used [0x00000000eab00000,0x00000000ec080000,0x00000000ec080000)
  from space 2560K, 88% used [0x00000000ec080000,0x00000000ec2b8010,0x00000000ec300000)
  to   space 2560K, 0% used [0x00000000ec300000,0x00000000ec300000,0x00000000ec580000)
 ParOldGen       total 68608K, used 19175K [0x00000000c0000000, 0x00000000c4300000, 0x00000000eab00000)
  object space 68608K, 27% used [0x00000000c0000000,0x00000000c12b9c08,0x00000000c4300000)
 Metaspace       used 36739K, committed 37568K, reserved 1114112K
  class space    used 3743K, committed 4160K, reserved 1048576K
}
Event: 7.204 GC heap after
{Heap after GC invocations=16 (full 2):
 PSYoungGen      total 24064K, used 1824K [0x00000000eab00000, 0x00000000ec500000, 0x0000000100000000)
  eden space 22016K, 0% used [0x00000000eab00000,0x00000000eab00000,0x00000000ec080000)
  from space 2048K, 89% used [0x00000000ec300000,0x00000000ec4c8000,0x00000000ec500000)
  to   space 2048K, 0% used [0x00000000ec100000,0x00000000ec100000,0x00000000ec300000)
 ParOldGen       total 68608K, used 21375K [0x00000000c0000000, 0x00000000c4300000, 0x00000000eab00000)
  object space 68608K, 31% used [0x00000000c0000000,0x00000000c14dfc18,0x00000000c4300000)
 Metaspace       used 36739K, committed 37568K, reserved 1114112K
  class space    used 3743K, committed 4160K, reserved 1048576K
}
Event: 7.993 GC heap before
{Heap before GC invocations=17 (full 2):
 PSYoungGen      total 24064K, used 23837K [0x00000000eab00000, 0x00000000ec500000, 0x0000000100000000)
  eden space 22016K, 99% used [0x00000000eab00000,0x00000000ec07f508,0x00000000ec080000)
  from space 2048K, 89% used [0x00000000ec300000,0x00000000ec4c8000,0x00000000ec500000)
  to   space 2048K, 0% used [0x00000000ec100000,0x00000000ec100000,0x00000000ec300000)
 ParOldGen       total 68608K, used 21375K [0x00000000c0000000, 0x00000000c4300000, 0x00000000eab00000)
  object space 68608K, 31% used [0x00000000c0000000,0x00000000c14dfc18,0x00000000c4300000)
 Metaspace       used 39555K, committed 40384K, reserved 1114112K
  class space    used 4034K, committed 4480K, reserved 1048576K
}
Event: 7.999 GC heap after
{Heap after GC invocations=17 (full 2):
 PSYoungGen      total 24064K, used 2016K [0x00000000eab00000, 0x00000000ec980000, 0x0000000100000000)
  eden space 22016K, 0% used [0x00000000eab00000,0x00000000eab00000,0x00000000ec080000)
  from space 2048K, 98% used [0x00000000ec100000,0x00000000ec2f8230,0x00000000ec300000)
  to   space 4608K, 0% used [0x00000000ec500000,0x00000000ec500000,0x00000000ec980000)
 ParOldGen       total 68608K, used 23181K [0x00000000c0000000, 0x00000000c4300000, 0x00000000eab00000)
  object space 68608K, 33% used [0x00000000c0000000,0x00000000c16a3498,0x00000000c4300000)
 Metaspace       used 39555K, committed 40384K, reserved 1114112K
  class space    used 4034K, committed 4480K, reserved 1048576K
}
Event: 8.696 GC heap before
{Heap before GC invocations=18 (full 2):
 PSYoungGen      total 24064K, used 24032K [0x00000000eab00000, 0x00000000ec980000, 0x0000000100000000)
  eden space 22016K, 100% used [0x00000000eab00000,0x00000000ec080000,0x00000000ec080000)
  from space 2048K, 98% used [0x00000000ec100000,0x00000000ec2f8230,0x00000000ec300000)
  to   space 4608K, 0% used [0x00000000ec500000,0x00000000ec500000,0x00000000ec980000)
 ParOldGen       total 68608K, used 23181K [0x00000000c0000000, 0x00000000c4300000, 0x00000000eab00000)
  object space 68608K, 33% used [0x00000000c0000000,0x00000000c16a3498,0x00000000c4300000)
 Metaspace       used 40508K, committed 41280K, reserved 1114112K
  class space    used 4149K, committed 4544K, reserved 1048576K
}
Event: 8.700 GC heap after
{Heap after GC invocations=18 (full 2):
 PSYoungGen      total 22528K, used 384K [0x00000000eab00000, 0x00000000ec580000, 0x0000000100000000)
  eden space 22016K, 0% used [0x00000000eab00000,0x00000000eab00000,0x00000000ec080000)
  from space 512K, 75% used [0x00000000ec500000,0x00000000ec560010,0x00000000ec580000)
  to   space 2048K, 0% used [0x00000000ec180000,0x00000000ec180000,0x00000000ec380000)
 ParOldGen       total 68608K, used 25178K [0x00000000c0000000, 0x00000000c4300000, 0x00000000eab00000)
  object space 68608K, 36% used [0x00000000c0000000,0x00000000c1896938,0x00000000c4300000)
 Metaspace       used 40508K, committed 41280K, reserved 1114112K
  class space    used 4149K, committed 4544K, reserved 1048576K
}
Event: 9.050 GC heap before
{Heap before GC invocations=19 (full 2):
 PSYoungGen      total 22528K, used 22400K [0x00000000eab00000, 0x00000000ec580000, 0x0000000100000000)
  eden space 22016K, 100% used [0x00000000eab00000,0x00000000ec080000,0x00000000ec080000)
  from space 512K, 75% used [0x00000000ec500000,0x00000000ec560010,0x00000000ec580000)
  to   space 2048K, 0% used [0x00000000ec180000,0x00000000ec180000,0x00000000ec380000)
 ParOldGen       total 68608K, used 25178K [0x00000000c0000000, 0x00000000c4300000, 0x00000000eab00000)
  object space 68608K, 36% used [0x00000000c0000000,0x00000000c1896938,0x00000000c4300000)
 Metaspace       used 41438K, committed 42240K, reserved 1114112K
  class space    used 4218K, committed 4608K, reserved 1048576K
}
Event: 9.054 GC heap after
{Heap after GC invocations=19 (full 2):
 PSYoungGen      total 24064K, used 1171K [0x00000000eab00000, 0x00000000ec580000, 0x0000000100000000)
  eden space 22016K, 0% used [0x00000000eab00000,0x00000000eab00000,0x00000000ec080000)
  from space 2048K, 57% used [0x00000000ec180000,0x00000000ec2a4ce0,0x00000000ec380000)
  to   space 1536K, 0% used [0x00000000ec400000,0x00000000ec400000,0x00000000ec580000)
 ParOldGen       total 68608K, used 25418K [0x00000000c0000000, 0x00000000c4300000, 0x00000000eab00000)
  object space 68608K, 37% used [0x00000000c0000000,0x00000000c18d2938,0x00000000c4300000)
 Metaspace       used 41438K, committed 42240K, reserved 1114112K
  class space    used 4218K, committed 4608K, reserved 1048576K
}
Event: 9.199 GC heap before
{Heap before GC invocations=20 (full 2):
 PSYoungGen      total 24064K, used 23187K [0x00000000eab00000, 0x00000000ec580000, 0x0000000100000000)
  eden space 22016K, 100% used [0x00000000eab00000,0x00000000ec080000,0x00000000ec080000)
  from space 2048K, 57% used [0x00000000ec180000,0x00000000ec2a4ce0,0x00000000ec380000)
  to   space 1536K, 0% used [0x00000000ec400000,0x00000000ec400000,0x00000000ec580000)
 ParOldGen       total 68608K, used 25418K [0x00000000c0000000, 0x00000000c4300000, 0x00000000eab00000)
  object space 68608K, 37% used [0x00000000c0000000,0x00000000c18d2938,0x00000000c4300000)
 Metaspace       used 42110K, committed 42944K, reserved 1114112K
  class space    used 4282K, committed 4672K, reserved 1048576K
}
Event: 9.200 GC heap after
{Heap after GC invocations=20 (full 2):
 PSYoungGen      total 22528K, used 96K [0x00000000eab00000, 0x00000000ec480000, 0x0000000100000000)
  eden space 22016K, 0% used [0x00000000eab00000,0x00000000eab00000,0x00000000ec080000)
  from space 512K, 18% used [0x00000000ec400000,0x00000000ec418000,0x00000000ec480000)
  to   space 512K, 0% used [0x00000000ec380000,0x00000000ec380000,0x00000000ec400000)
 ParOldGen       total 68608K, used 25610K [0x00000000c0000000, 0x00000000c4300000, 0x00000000eab00000)
  object space 68608K, 37% used [0x00000000c0000000,0x00000000c1902938,0x00000000c4300000)
 Metaspace       used 42110K, committed 42944K, reserved 1114112K
  class space    used 4282K, committed 4672K, reserved 1048576K
}

Dll operation events (10 events):
Event: 0.022 Loaded shared library c:\Users\D&T\.vscode\extensions\redhat.java-1.25.1-win32-x64\jre\17.0.9-win32-x86_64\bin\java.dll
Event: 0.375 Loaded shared library c:\Users\D&T\.vscode\extensions\redhat.java-1.25.1-win32-x64\jre\17.0.9-win32-x86_64\bin\zip.dll
Event: 0.381 Loaded shared library C:\Users\D&T\.vscode\extensions\redhat.java-1.25.1-win32-x64\jre\17.0.9-win32-x86_64\bin\instrument.dll
Event: 0.415 Loaded shared library C:\Users\D&T\.vscode\extensions\redhat.java-1.25.1-win32-x64\jre\17.0.9-win32-x86_64\bin\net.dll
Event: 0.418 Loaded shared library C:\Users\D&T\.vscode\extensions\redhat.java-1.25.1-win32-x64\jre\17.0.9-win32-x86_64\bin\nio.dll
Event: 0.435 Loaded shared library C:\Users\D&T\.vscode\extensions\redhat.java-1.25.1-win32-x64\jre\17.0.9-win32-x86_64\bin\zip.dll
Event: 0.465 Loaded shared library C:\Users\D&T\.vscode\extensions\redhat.java-1.25.1-win32-x64\jre\17.0.9-win32-x86_64\bin\jimage.dll
Event: 0.611 Loaded shared library c:\Users\D&T\.vscode\extensions\redhat.java-1.25.1-win32-x64\jre\17.0.9-win32-x86_64\bin\verify.dll
Event: 2.536 Loaded shared library C:\Users\D&T\AppData\Roaming\Code\User\globalStorage\redhat.java\1.25.1\config_ss_win\org.eclipse.equinox.launcher\org.eclipse.equinox.launcher.win32.win32.x86_64_1.2.800.v20231003-1442\eclipse_11802.dll
Event: 5.570 Loaded shared library C:\Users\D&T\AppData\Local\Temp\jna-66610\jna3675120968364029739.dll

Deoptimization events (20 events):
Event: 8.821 Thread 0x0000022bfcc36e70 DEOPT PACKING pc=0x0000022b87bf26c4 sp=0x00000070cf3fd290
Event: 8.821 Thread 0x0000022bfcc36e70 DEOPT UNPACKING pc=0x0000022b8758669d sp=0x00000070cf3fd210 mode 2
Event: 8.936 Thread 0x0000022bfcc36450 DEOPT PACKING pc=0x0000022b801e4393 sp=0x00000070cf2fbb40
Event: 8.936 Thread 0x0000022bfcc36450 DEOPT UNPACKING pc=0x0000022b87586e24 sp=0x00000070cf2fb078 mode 0
Event: 9.028 Thread 0x0000022bfcc36450 Uncommon trap: trap_request=0xffffffde fr.pc=0x0000022b87bce0e8 relative=0x0000000000008288
Event: 9.028 Thread 0x0000022bfcc36450 Uncommon trap: reason=class_check action=maybe_recompile pc=0x0000022b87bce0e8 method=lombok.patcher.PatchScript$MethodPatcher.visitMethod(ILjava/lang/String;Ljava/lang/String;Ljava/lang/String;[Ljava/lang/String;)Lorg/lombokweb/asm/MethodVisitor; @ 101 c
Event: 9.028 Thread 0x0000022bfcc36450 DEOPT PACKING pc=0x0000022b87bce0e8 sp=0x00000070cf2f8950
Event: 9.028 Thread 0x0000022bfcc36450 DEOPT UNPACKING pc=0x0000022b8758669d sp=0x00000070cf2f8908 mode 2
Event: 9.028 Thread 0x0000022bfcc36450 Uncommon trap: trap_request=0xffffffde fr.pc=0x0000022b87bce0e8 relative=0x0000000000008288
Event: 9.028 Thread 0x0000022bfcc36450 Uncommon trap: reason=class_check action=maybe_recompile pc=0x0000022b87bce0e8 method=lombok.patcher.PatchScript$MethodPatcher.visitMethod(ILjava/lang/String;Ljava/lang/String;Ljava/lang/String;[Ljava/lang/String;)Lorg/lombokweb/asm/MethodVisitor; @ 101 c
Event: 9.028 Thread 0x0000022bfcc36450 DEOPT PACKING pc=0x0000022b87bce0e8 sp=0x00000070cf2f8950
Event: 9.028 Thread 0x0000022bfcc36450 DEOPT UNPACKING pc=0x0000022b8758669d sp=0x00000070cf2f8908 mode 2
Event: 9.028 Thread 0x0000022bfcc36450 Uncommon trap: trap_request=0xffffffde fr.pc=0x0000022b87bce0e8 relative=0x0000000000008288
Event: 9.028 Thread 0x0000022bfcc36450 Uncommon trap: reason=class_check action=maybe_recompile pc=0x0000022b87bce0e8 method=lombok.patcher.PatchScript$MethodPatcher.visitMethod(ILjava/lang/String;Ljava/lang/String;Ljava/lang/String;[Ljava/lang/String;)Lorg/lombokweb/asm/MethodVisitor; @ 101 c
Event: 9.028 Thread 0x0000022bfcc36450 DEOPT PACKING pc=0x0000022b87bce0e8 sp=0x00000070cf2f8950
Event: 9.028 Thread 0x0000022bfcc36450 DEOPT UNPACKING pc=0x0000022b8758669d sp=0x00000070cf2f8908 mode 2
Event: 9.028 Thread 0x0000022bfcc36450 Uncommon trap: trap_request=0xffffffde fr.pc=0x0000022b87bce0e8 relative=0x0000000000008288
Event: 9.028 Thread 0x0000022bfcc36450 Uncommon trap: reason=class_check action=maybe_recompile pc=0x0000022b87bce0e8 method=lombok.patcher.PatchScript$MethodPatcher.visitMethod(ILjava/lang/String;Ljava/lang/String;Ljava/lang/String;[Ljava/lang/String;)Lorg/lombokweb/asm/MethodVisitor; @ 101 c
Event: 9.028 Thread 0x0000022bfcc36450 DEOPT PACKING pc=0x0000022b87bce0e8 sp=0x00000070cf2f8950
Event: 9.028 Thread 0x0000022bfcc36450 DEOPT UNPACKING pc=0x0000022b8758669d sp=0x00000070cf2f8908 mode 2

Classes unloaded (7 events):
Event: 3.620 Thread 0x0000022bf6b8e450 Unloading class 0x000000010021a000 'java/lang/invoke/LambdaForm$MH+0x000000010021a000'
Event: 3.620 Thread 0x0000022bf6b8e450 Unloading class 0x0000000100219c00 'java/lang/invoke/LambdaForm$MH+0x0000000100219c00'
Event: 3.620 Thread 0x0000022bf6b8e450 Unloading class 0x0000000100219800 'java/lang/invoke/LambdaForm$MH+0x0000000100219800'
Event: 3.620 Thread 0x0000022bf6b8e450 Unloading class 0x0000000100219400 'java/lang/invoke/LambdaForm$MH+0x0000000100219400'
Event: 3.620 Thread 0x0000022bf6b8e450 Unloading class 0x0000000100219000 'java/lang/invoke/LambdaForm$BMH+0x0000000100219000'
Event: 3.620 Thread 0x0000022bf6b8e450 Unloading class 0x0000000100218c00 'java/lang/invoke/LambdaForm$DMH+0x0000000100218c00'
Event: 3.620 Thread 0x0000022bf6b8e450 Unloading class 0x0000000100216000 'java/lang/invoke/LambdaForm$DMH+0x0000000100216000'

Classes redefined (0 events):
No events

Internal exceptions (20 events):
Event: 5.697 Thread 0x0000022bf1e47290 Exception <a 'java/lang/NoSuchMethodError'{0x00000000ec200000}: 'java.lang.Object java.lang.invoke.DirectMethodHandle$Holder.invokeStatic(java.lang.Object, java.lang.Object, long, java.lang.Object)'> (0x00000000ec200000) 
thrown [s\src\hotspot\share\interpreter\linkResolver.cpp, line 759]
Event: 5.697 Thread 0x0000022bf1e47290 Exception <a 'java/lang/NoSuchMethodError'{0x00000000ec203a98}: 'java.lang.Object java.lang.invoke.DirectMethodHandle$Holder.invokeStaticInit(java.lang.Object, java.lang.Object, long, java.lang.Object)'> (0x00000000ec203a98) 
thrown [s\src\hotspot\share\interpreter\linkResolver.cpp, line 759]
Event: 5.698 Thread 0x0000022bf1e47290 Exception <a 'java/lang/NoSuchMethodError'{0x00000000ec20a0a8}: 'java.lang.Object java.lang.invoke.DirectMethodHandle$Holder.newInvokeSpecial(java.lang.Object, java.lang.Object, long)'> (0x00000000ec20a0a8) 
thrown [s\src\hotspot\share\interpreter\linkResolver.cpp, line 759]
Event: 5.769 Thread 0x0000022bf1e47290 Exception <a 'java/lang/NoSuchMethodError'{0x00000000eabbb160}: 'void java.lang.invoke.DirectMethodHandle$Holder.invokeStatic(java.lang.Object, java.lang.Object, java.lang.Object, java.lang.Object)'> (0x00000000eabbb160) 
thrown [s\src\hotspot\share\interpreter\linkResolver.cpp, line 759]
Event: 5.967 Thread 0x0000022bf1e47290 Exception <a 'java/lang/NoSuchMethodError'{0x00000000eb3d1ee8}: 'void java.lang.invoke.DirectMethodHandle$Holder.invokeSpecial(java.lang.Object, java.lang.Object, java.lang.Object, java.lang.Object, java.lang.Object, java.lang.Object)'> (0x00000000eb3d1ee8) 
thrown [s\src\hotspot\share\interpreter\linkResolver.cpp, line 759]
Event: 5.969 Thread 0x0000022bf1e47290 Exception <a 'java/lang/IncompatibleClassChangeError'{0x00000000eb3db560}: Found class java.lang.Object, but interface was expected> (0x00000000eb3db560) 
thrown [s\src\hotspot\share\interpreter\linkResolver.cpp, line 826]
Event: 6.162 Thread 0x0000022bfcc36450 Exception <a 'java/io/FileNotFoundException'{0x00000000eb9e0240}> (0x00000000eb9e0240) 
thrown [s\src\hotspot\share\prims\jni.cpp, line 516]
Event: 6.202 Thread 0x0000022bfcc36450 Exception <a 'sun/nio/fs/WindowsException'{0x00000000ebb9df20}> (0x00000000ebb9df20) 
thrown [s\src\hotspot\share\prims\jni.cpp, line 516]
Event: 6.205 Thread 0x0000022bfcc35010 Exception <a 'java/io/FileNotFoundException'{0x00000000ebbb2440}> (0x00000000ebbb2440) 
thrown [s\src\hotspot\share\prims\jni.cpp, line 516]
Event: 6.205 Thread 0x0000022bfcc35010 Exception <a 'java/io/FileNotFoundException'{0x00000000ebbb3430}> (0x00000000ebbb3430) 
thrown [s\src\hotspot\share\prims\jni.cpp, line 516]
Event: 6.357 Thread 0x0000022bfcc36450 Exception <a 'java/lang/NoSuchMethodError'{0x00000000eae16c08}: 'int java.lang.invoke.DirectMethodHandle$Holder.invokeVirtual(java.lang.Object, java.lang.Object)'> (0x00000000eae16c08) 
thrown [s\src\hotspot\share\interpreter\linkResolver.cpp, line 759]
Event: 6.357 Thread 0x0000022bfcc35a30 Exception <a 'java/lang/NoSuchMethodError'{0x00000000eae2cf48}: 'java.lang.Object java.lang.invoke.Invokers$Holder.invoke_MT(java.lang.Object, java.lang.Object, java.lang.Object)'> (0x00000000eae2cf48) 
thrown [s\src\hotspot\share\interpreter\linkResolver.cpp, line 759]
Event: 6.674 Thread 0x0000022bfcc35a30 Exception <a 'java/io/FileNotFoundException'{0x00000000eaf28a98}> (0x00000000eaf28a98) 
thrown [s\src\hotspot\share\prims\jni.cpp, line 516]
Event: 6.675 Thread 0x0000022bfcc35a30 Exception <a 'java/io/FileNotFoundException'{0x00000000eaf29fc0}> (0x00000000eaf29fc0) 
thrown [s\src\hotspot\share\prims\jni.cpp, line 516]
Event: 6.677 Thread 0x0000022bfcc35a30 Exception <a 'java/lang/NoSuchMethodError'{0x00000000eaf36160}: 'void java.lang.invoke.DirectMethodHandle$Holder.invokeStaticInit(java.lang.Object, java.lang.Object, java.lang.Object)'> (0x00000000eaf36160) 
thrown [s\src\hotspot\share\interpreter\linkResolver.cpp, line 759]
Event: 7.336 Thread 0x0000022bfcc36e70 Exception <a 'java/lang/NoSuchMethodError'{0x00000000eb001200}: 'java.lang.Object java.lang.invoke.DirectMethodHandle$Holder.invokeInterface(java.lang.Object, java.lang.Object, java.lang.Object)'> (0x00000000eb001200) 
thrown [s\src\hotspot\share\interpreter\linkResolver.cpp, line 759]
Event: 7.336 Thread 0x0000022bfcc36450 Exception <a 'java/lang/NoSuchMethodError'{0x00000000eb037680}: 'java.lang.Object java.lang.invoke.DirectMethodHandle$Holder.invokeInterface(java.lang.Object, java.lang.Object, java.lang.Object)'> (0x00000000eb037680) 
thrown [s\src\hotspot\share\interpreter\linkResolver.cpp, line 759]
Event: 8.731 Thread 0x0000022bfcc36e70 Implicit null exception at 0x0000022b87cb23cb to 0x0000022b87cb2ffc
Event: 8.731 Thread 0x0000022bfcc36e70 Implicit null exception at 0x0000022b87cb08d0 to 0x0000022b87cb154c
Event: 8.934 Thread 0x0000022bfcc36e70 Exception <a 'java/lang/LinkageError'{0x00000000eb18b540}: loader lombok.launch.ShadowClassLoader @26f0f8d1 attempted duplicate class definition for lombok.launch.PatchFixesHider$ValPortal. (lombok.launch.PatchFixesHider$ValPortal is in unnamed module of loader lombok.launch.ShadowClassLoader @26f0f8d1, parent loader org.eclipse.osgi.internal.loader.EquinoxClassLoader @3abd3655)> (0x00000000eb18b540) 
thrown [s\src\hotspot\share\classfile\systemDictionary.cpp, line 1724]

VM Operations (20 events):
Event: 6.974 Executing VM operation: ParallelGCFailedAllocation
Event: 6.981 Executing VM operation: ParallelGCFailedAllocation done
Event: 7.060 Executing VM operation: ParallelGCFailedAllocation
Event: 7.066 Executing VM operation: ParallelGCFailedAllocation done
Event: 7.129 Executing VM operation: ParallelGCFailedAllocation
Event: 7.137 Executing VM operation: ParallelGCFailedAllocation done
Event: 7.198 Executing VM operation: ParallelGCFailedAllocation
Event: 7.205 Executing VM operation: ParallelGCFailedAllocation done
Event: 7.674 Executing VM operation: HandshakeAllThreads
Event: 7.674 Executing VM operation: HandshakeAllThreads done
Event: 7.979 Executing VM operation: ParallelGCFailedAllocation
Event: 8.001 Executing VM operation: ParallelGCFailedAllocation done
Event: 8.696 Executing VM operation: ParallelGCFailedAllocation
Event: 8.700 Executing VM operation: ParallelGCFailedAllocation done
Event: 9.050 Executing VM operation: ParallelGCFailedAllocation
Event: 9.054 Executing VM operation: ParallelGCFailedAllocation done
Event: 9.199 Executing VM operation: ParallelGCFailedAllocation
Event: 9.200 Executing VM operation: ParallelGCFailedAllocation done
Event: 9.251 Executing VM operation: HandshakeAllThreads
Event: 9.251 Executing VM operation: HandshakeAllThreads done

Events (20 events):
Event: 7.320 loading class jdk/internal/reflect/UnsafeIntegerFieldAccessorImpl done
Event: 7.374 loading class sun/nio/cs/ThreadLocalCoders
Event: 7.374 loading class sun/nio/cs/ThreadLocalCoders done
Event: 7.374 loading class sun/nio/cs/ThreadLocalCoders$1
Event: 7.375 loading class sun/nio/cs/ThreadLocalCoders$Cache
Event: 7.375 loading class sun/nio/cs/ThreadLocalCoders$Cache done
Event: 7.375 loading class sun/nio/cs/ThreadLocalCoders$1 done
Event: 7.375 loading class sun/nio/cs/ThreadLocalCoders$2
Event: 7.375 loading class sun/nio/cs/ThreadLocalCoders$2 done
Event: 7.419 loading class java/lang/ExceptionInInitializerError
Event: 7.419 loading class java/lang/ExceptionInInitializerError done
Event: 8.439 loading class java/util/Vector$1
Event: 8.439 loading class java/util/Vector$1 done
Event: 8.658 Thread 0x0000022bfccbe720 Thread exited: 0x0000022bfccbe720
Event: 8.666 Thread 0x0000022bfcddc680 Thread exited: 0x0000022bfcddc680
Event: 8.731 loading class java/util/Collections$UnmodifiableSortedSet
Event: 8.731 loading class java/util/Collections$UnmodifiableSortedSet done
Event: 8.798 loading class java/util/regex/Pattern$Caret
Event: 8.798 loading class java/util/regex/Pattern$Caret done
Event: 8.901 Thread 0x0000022bfcddc680 Thread added: 0x0000022bfcddc680


Dynamic libraries:
0x00007ff7bc9f0000 - 0x00007ff7bc9fe000 	c:\Users\D&T\.vscode\extensions\redhat.java-1.25.1-win32-x64\jre\17.0.9-win32-x86_64\bin\java.exe
0x00007ff9755b0000 - 0x00007ff9757a8000 	C:\WINDOWS\SYSTEM32\ntdll.dll
0x00007ff9754b0000 - 0x00007ff97556f000 	C:\WINDOWS\System32\KERNEL32.DLL
0x00007ff973130000 - 0x00007ff973426000 	C:\WINDOWS\System32\KERNELBASE.dll
0x00007ff972e80000 - 0x00007ff972f80000 	C:\WINDOWS\System32\ucrtbase.dll
0x00007ff965850000 - 0x00007ff96586b000 	c:\Users\D&T\.vscode\extensions\redhat.java-1.25.1-win32-x64\jre\17.0.9-win32-x86_64\bin\VCRUNTIME140.dll
0x00007ff96a910000 - 0x00007ff96a927000 	c:\Users\D&T\.vscode\extensions\redhat.java-1.25.1-win32-x64\jre\17.0.9-win32-x86_64\bin\jli.dll
0x00007ff9742d0000 - 0x00007ff97446d000 	C:\WINDOWS\System32\USER32.dll
0x00007ff972db0000 - 0x00007ff972dd2000 	C:\WINDOWS\System32\win32u.dll
0x00007ff95e650000 - 0x00007ff95e8ea000 	C:\WINDOWS\WinSxS\amd64_microsoft.windows.common-controls_6595b64144ccf1df_6.0.19041.1110_none_60b5254171f9507e\COMCTL32.dll
0x00007ff974850000 - 0x00007ff97487c000 	C:\WINDOWS\System32\GDI32.dll
0x00007ff973c10000 - 0x00007ff973cae000 	C:\WINDOWS\System32\msvcrt.dll
0x00007ff972c90000 - 0x00007ff972da5000 	C:\WINDOWS\System32\gdi32full.dll
0x00007ff972de0000 - 0x00007ff972e7d000 	C:\WINDOWS\System32\msvcp_win.dll
0x00007ff973be0000 - 0x00007ff973c10000 	C:\WINDOWS\System32\IMM32.DLL
0x00007ff96a830000 - 0x00007ff96a83c000 	c:\Users\D&T\.vscode\extensions\redhat.java-1.25.1-win32-x64\jre\17.0.9-win32-x86_64\bin\vcruntime140_1.dll
0x00007ff936330000 - 0x00007ff9363bd000 	c:\Users\D&T\.vscode\extensions\redhat.java-1.25.1-win32-x64\jre\17.0.9-win32-x86_64\bin\msvcp140.dll
0x00007ff910530000 - 0x00007ff911191000 	c:\Users\D&T\.vscode\extensions\redhat.java-1.25.1-win32-x64\jre\17.0.9-win32-x86_64\bin\server\jvm.dll
0x00007ff974550000 - 0x00007ff9745ff000 	C:\WINDOWS\System32\ADVAPI32.dll
0x00007ff974600000 - 0x00007ff97469c000 	C:\WINDOWS\System32\sechost.dll
0x00007ff973830000 - 0x00007ff973956000 	C:\WINDOWS\System32\RPCRT4.dll
0x00007ff972af0000 - 0x00007ff972b3b000 	C:\WINDOWS\SYSTEM32\POWRPROF.dll
0x00007ff968900000 - 0x00007ff968909000 	C:\WINDOWS\SYSTEM32\WSOCK32.dll
0x00007ff95ee20000 - 0x00007ff95ee47000 	C:\WINDOWS\SYSTEM32\WINMM.dll
0x00007ff96c3e0000 - 0x00007ff96c3ea000 	C:\WINDOWS\SYSTEM32\VERSION.dll
0x00007ff974990000 - 0x00007ff9749fb000 	C:\WINDOWS\System32\WS2_32.dll
0x00007ff972ad0000 - 0x00007ff972ae2000 	C:\WINDOWS\SYSTEM32\UMPDC.dll
0x00007ff9714d0000 - 0x00007ff9714e2000 	C:\WINDOWS\SYSTEM32\kernel.appcore.dll
0x00007ff9686a0000 - 0x00007ff9686aa000 	c:\Users\D&T\.vscode\extensions\redhat.java-1.25.1-win32-x64\jre\17.0.9-win32-x86_64\bin\jimage.dll
0x00007ff970a40000 - 0x00007ff970c24000 	C:\WINDOWS\SYSTEM32\DBGHELP.DLL
0x00007ff969f60000 - 0x00007ff969f94000 	C:\WINDOWS\SYSTEM32\dbgcore.DLL
0x00007ff9730a0000 - 0x00007ff973122000 	C:\WINDOWS\System32\bcryptPrimitives.dll
0x00007ff968560000 - 0x00007ff96856e000 	c:\Users\D&T\.vscode\extensions\redhat.java-1.25.1-win32-x64\jre\17.0.9-win32-x86_64\bin\instrument.dll
0x00007ff945050000 - 0x00007ff945075000 	c:\Users\D&T\.vscode\extensions\redhat.java-1.25.1-win32-x64\jre\17.0.9-win32-x86_64\bin\java.dll
0x00007ff95de40000 - 0x00007ff95de58000 	c:\Users\D&T\.vscode\extensions\redhat.java-1.25.1-win32-x64\jre\17.0.9-win32-x86_64\bin\zip.dll
0x00007ff974d60000 - 0x00007ff9754a4000 	C:\WINDOWS\System32\SHELL32.dll
0x00007ff970c30000 - 0x00007ff9713c4000 	C:\WINDOWS\SYSTEM32\windows.storage.dll
0x00007ff974a00000 - 0x00007ff974d54000 	C:\WINDOWS\System32\combase.dll
0x00007ff972600000 - 0x00007ff97262e000 	C:\WINDOWS\SYSTEM32\Wldp.dll
0x00007ff974880000 - 0x00007ff97492d000 	C:\WINDOWS\System32\SHCORE.dll
0x00007ff974930000 - 0x00007ff974985000 	C:\WINDOWS\System32\shlwapi.dll
0x00007ff972bc0000 - 0x00007ff972be5000 	C:\WINDOWS\SYSTEM32\profapi.dll
0x00007ff95b220000 - 0x00007ff95b239000 	C:\Users\D&T\.vscode\extensions\redhat.java-1.25.1-win32-x64\jre\17.0.9-win32-x86_64\bin\net.dll
0x00007ff96bfe0000 - 0x00007ff96c0ea000 	C:\WINDOWS\SYSTEM32\WINHTTP.dll
0x00007ff972360000 - 0x00007ff9723ca000 	C:\WINDOWS\system32\mswsock.dll
0x00007ff95b1b0000 - 0x00007ff95b1c6000 	C:\Users\D&T\.vscode\extensions\redhat.java-1.25.1-win32-x64\jre\17.0.9-win32-x86_64\bin\nio.dll
0x00007ff965800000 - 0x00007ff965810000 	c:\Users\D&T\.vscode\extensions\redhat.java-1.25.1-win32-x64\jre\17.0.9-win32-x86_64\bin\verify.dll
0x00007ff93e3e0000 - 0x00007ff93e41e000 	C:\Users\D&T\AppData\Roaming\Code\User\globalStorage\redhat.java\1.25.1\config_ss_win\org.eclipse.equinox.launcher\org.eclipse.equinox.launcher.win32.win32.x86_64_1.2.800.v20231003-1442\eclipse_11802.dll
0x00007ff973960000 - 0x00007ff973a8a000 	C:\WINDOWS\System32\ole32.dll
0x00007ff972550000 - 0x00007ff972568000 	C:\WINDOWS\SYSTEM32\CRYPTSP.dll
0x00007ff971c80000 - 0x00007ff971cb4000 	C:\WINDOWS\system32\rsaenh.dll
0x00007ff9735e0000 - 0x00007ff973607000 	C:\WINDOWS\System32\bcrypt.dll
0x00007ff972b40000 - 0x00007ff972b6e000 	C:\WINDOWS\SYSTEM32\USERENV.dll
0x00007ff972570000 - 0x00007ff97257c000 	C:\WINDOWS\SYSTEM32\CRYPTBASE.dll
0x00007ff972050000 - 0x00007ff97208c000 	C:\WINDOWS\SYSTEM32\IPHLPAPI.DLL
0x00007ff973700000 - 0x00007ff973708000 	C:\WINDOWS\System32\NSI.dll
0x00007ff9696e0000 - 0x00007ff9696f7000 	C:\WINDOWS\SYSTEM32\dhcpcsvc6.DLL
0x00007ff969ae0000 - 0x00007ff969afd000 	C:\WINDOWS\SYSTEM32\dhcpcsvc.DLL
0x00007ff972090000 - 0x00007ff97215a000 	C:\WINDOWS\SYSTEM32\DNSAPI.dll
0x00007ff93c6f0000 - 0x00007ff93c735000 	C:\Users\D&T\AppData\Local\Temp\jna-66610\jna3675120968364029739.dll
0x00007ff973bd0000 - 0x00007ff973bd8000 	C:\WINDOWS\System32\PSAPI.DLL

dbghelp: loaded successfully - version: 4.0.5 - missing functions: none
symbol engine: initialized successfully - sym options: 0x614 - pdb path: .;c:\Users\D&T\.vscode\extensions\redhat.java-1.25.1-win32-x64\jre\17.0.9-win32-x86_64\bin;C:\WINDOWS\SYSTEM32;C:\WINDOWS\WinSxS\amd64_microsoft.windows.common-controls_6595b64144ccf1df_6.0.19041.1110_none_60b5254171f9507e;c:\Users\D&T\.vscode\extensions\redhat.java-1.25.1-win32-x64\jre\17.0.9-win32-x86_64\bin\server;C:\Users\D&T\AppData\Roaming\Code\User\globalStorage\redhat.java\1.25.1\config_ss_win\org.eclipse.equinox.launcher\org.eclipse.equinox.launcher.win32.win32.x86_64_1.2.800.v20231003-1442;C:\Users\D&T\AppData\Local\Temp\jna-66610

VM Arguments:
jvm_args: --add-modules=ALL-SYSTEM --add-opens=java.base/java.util=ALL-UNNAMED --add-opens=java.base/java.lang=ALL-UNNAMED --add-opens=java.base/sun.nio.fs=ALL-UNNAMED -Declipse.application=org.eclipse.jdt.ls.core.id1 -Dosgi.bundles.defaultStartLevel=4 -Declipse.product=org.eclipse.jdt.ls.core.product -Djava.import.generatesMetadataFilesAtProjectRoot=false -DDetectVMInstallationsJob.disabled=true -Dfile.encoding=utf8 -XX:+UseParallelGC -XX:GCTimeRatio=4 -XX:AdaptiveSizePolicyWeight=90 -Dsun.zip.disableMemoryMapping=true -Xmx1G -Xms100m -Xlog:disable -javaagent:c:\Users\D&T\.vscode\extensions\redhat.java-1.25.1-win32-x64\lombok\lombok-1.18.30.jar 
java_command: c:\Users\D&T\.vscode\extensions\redhat.java-1.25.1-win32-x64\server\plugins\org.eclipse.equinox.launcher_1.6.600.v20231106-1826.jar -configuration c:\Users\D&T\AppData\Roaming\Code\User\globalStorage\redhat.java\1.25.1\config_ss_win -data c:\Users\D&T\AppData\Roaming\Code\User\workspaceStorage\aa611f619f8a67acc80f9296a39a286f\redhat.java\ss_ws --stdio
java_class_path (initial): c:\Users\D&T\.vscode\extensions\redhat.java-1.25.1-win32-x64\server\plugins\org.eclipse.equinox.launcher_1.6.600.v20231106-1826.jar
Launcher Type: SUN_STANDARD

[Global flags]
    uintx AdaptiveSizePolicyWeight                 = 90                                        {product} {command line}
     intx CICompilerCount                          = 3                                         {product} {ergonomic}
    uintx GCTimeRatio                              = 4                                         {product} {command line}
   size_t InitialHeapSize                          = 104857600                                 {product} {command line}
   size_t MaxHeapSize                              = 1073741824                                {product} {command line}
   size_t MaxNewSize                               = 357564416                                 {product} {ergonomic}
   size_t MinHeapDeltaBytes                        = 524288                                    {product} {ergonomic}
   size_t MinHeapSize                              = 104857600                                 {product} {command line}
   size_t NewSize                                  = 34603008                                  {product} {ergonomic}
    uintx NonNMethodCodeHeapSize                   = 5832780                                {pd product} {ergonomic}
    uintx NonProfiledCodeHeapSize                  = 122912730                              {pd product} {ergonomic}
   size_t OldSize                                  = 70254592                                  {product} {ergonomic}
    uintx ProfiledCodeHeapSize                     = 122912730                              {pd product} {ergonomic}
    uintx ReservedCodeCacheSize                    = 251658240                              {pd product} {ergonomic}
     bool SegmentedCodeCache                       = true                                      {product} {ergonomic}
   size_t SoftMaxHeapSize                          = 1073741824                             {manageable} {ergonomic}
     bool UseCompressedClassPointers               = true                           {product lp64_product} {ergonomic}
     bool UseCompressedOops                        = true                           {product lp64_product} {ergonomic}
     bool UseLargePagesIndividualAllocation        = false                                  {pd product} {ergonomic}
     bool UseParallelGC                            = true                                      {product} {command line}

Logging:
Log output configuration:
 #0: stdout all=off uptime,level,tags
 #1: stderr all=off uptime,level,tags

Environment Variables:
PATH=C:\Program Files\Common Files\Oracle\Java\javapath;C:\WINDOWS\system32;C:\WINDOWS;C:\WINDOWS\System32\Wbem;C:\WINDOWS\System32\WindowsPowerShell\v1.0\;C:\WINDOWS\System32\OpenSSH\;C:\Users\D&T\AppData\Local\Microsoft\WindowsApps;C:\Users\D&T\AppData\Local\GitHubDesktop\bin;C:\Users\D&T\AppData\Local\Programs\Microsoft VS Code\bin
USERNAME=D&T
OS=Windows_NT
PROCESSOR_IDENTIFIER=Intel64 Family 6 Model 122 Stepping 1, GenuineIntel
TMP=C:\Users\D&T\AppData\Local\Temp
TEMP=C:\Users\D&T\AppData\Local\Temp



Periodic native trim disabled


---------------  S Y S T E M  ---------------

OS:
 Windows 10 , 64 bit Build 19041 (10.0.19041.3155)
OS uptime: 0 days 19:09 hours

CPU: total 4 (initial active 4) (4 cores per cpu, 1 threads per core) family 6 model 122 stepping 1 microcode 0x32, cx8, cmov, fxsr, mmx, 3dnowpref, sse, sse2, sse3, ssse3, sse4.1, sse4.2, popcnt, tsc, tscinvbit, aes, erms, clmul, sha, clflush, clflushopt
Processor Information for all 4 processors :
  Max Mhz: 1101, Current Mhz: 1101, Mhz Limit: 1101

Memory: 4k page, system-wide physical 3918M (430M free)
TotalPageFile size 9883M (AvailPageFile size 5M)
current process WorkingSet (physical memory assigned to process): 184M, peak: 184M
current process commit charge ("private bytes"): 259M, peak: 261M

vm_info: OpenJDK 64-Bit Server VM (17.0.9+9) for windows-amd64 JRE (17.0.9+9), built on Oct 26 2023 14:01:42 by "admin" with MS VC++ 16.10 / 16.11 (VS2019)

END.
