#
# There is insufficient memory for the Java Runtime Environment to continue.
# Native memory allocation (malloc) failed to allocate 524304 bytes for Chunk::new
# Possible reasons:
#   The system is out of physical RAM or swap space
#   The process is running with CompressedOops enabled, and the Java Heap may be blocking the growth of the native heap
# Possible solutions:
#   Reduce memory load on the system
#   Increase physical memory or swap space
#   Check if swap backing store is full
#   Decrease Java heap size (-Xmx/-Xms)
#   Decrease number of Java threads
#   Decrease Java thread stack sizes (-Xss)
#   Set larger code cache with -XX:ReservedCodeCacheSize=
#   JVM is running with Unscaled Compressed Oops mode in which the Java heap is
#     placed in the first 4GB address space. The Java Heap base address is the
#     maximum limit for the native heap growth. Please use -XX:HeapBaseMinAddress
#     to set the Java Heap base and to place the Java Heap above 4GB virtual address.
# This output file may be truncated or incomplete.
#
#  Out of Memory Error (arena.cpp:191), pid=10788, tid=9036
#
# JRE version: OpenJDK Runtime Environment Temurin-17.0.9+9 (17.0.9+9) (build 17.0.9+9)
# Java VM: OpenJDK 64-Bit Server VM Temurin-17.0.9+9 (17.0.9+9, mixed mode, tiered, compressed oops, compressed class ptrs, parallel gc, windows-amd64)
# No core dump will be written. Minidumps are not enabled by default on client versions of Windows
#

---------------  S U M M A R Y ------------

Command Line: --add-modules=ALL-SYSTEM --add-opens=java.base/java.util=ALL-UNNAMED --add-opens=java.base/java.lang=ALL-UNNAMED --add-opens=java.base/sun.nio.fs=ALL-UNNAMED -Declipse.application=org.eclipse.jdt.ls.core.id1 -Dosgi.bundles.defaultStartLevel=4 -Declipse.product=org.eclipse.jdt.ls.core.product -Djava.import.generatesMetadataFilesAtProjectRoot=false -DDetectVMInstallationsJob.disabled=true -Dfile.encoding=utf8 -XX:+UseParallelGC -XX:GCTimeRatio=4 -XX:AdaptiveSizePolicyWeight=90 -Dsun.zip.disableMemoryMapping=true -Xmx1G -Xms100m -Xlog:disable -javaagent:c:\Users\D&T\.vscode\extensions\redhat.java-1.25.1-win32-x64\lombok\lombok-1.18.30.jar c:\Users\D&T\.vscode\extensions\redhat.java-1.25.1-win32-x64\server\plugins\org.eclipse.equinox.launcher_1.6.600.v20231106-1826.jar -configuration c:\Users\D&T\AppData\Roaming\Code\User\globalStorage\redhat.java\1.25.1\config_ss_win -data c:\Users\D&T\AppData\Roaming\Code\User\workspaceStorage\aa611f619f8a67acc80f9296a39a286f\redhat.java\ss_ws --stdio

Host: Intel(R) Celeron(R) N4100 CPU @ 1.10GHz, 4 cores, 3G,  Windows 10 , 64 bit Build 19041 (10.0.19041.3155)
Time: Thu Jan  4 14:47:21 2024 Malay Peninsula Standard Time elapsed time: 8.607951 seconds (0d 0h 0m 8s)

---------------  T H R E A D  ---------------

Current thread (0x0000016bf4db8060):  JavaThread "C2 CompilerThread0" daemon [_thread_in_native, id=9036, stack(0x00000008fbe00000,0x00000008fbf00000)]


Current CompileTask:
C2:   8608 2345       4       org.lombokweb.asm.ClassReader::readMethod (1066 bytes)

Stack: [0x00000008fbe00000,0x00000008fbf00000]
Native frames: (J=compiled Java code, j=interpreted, Vv=VM code, C=native code)
V  [jvm.dll+0x67cf49]
V  [jvm.dll+0x83478a]
V  [jvm.dll+0x83624e]
V  [jvm.dll+0x8368b3]
V  [jvm.dll+0x247f1f]
V  [jvm.dll+0xac43c]
V  [jvm.dll+0xaca8c]
V  [jvm.dll+0xac54b]
V  [jvm.dll+0x65b709]
V  [jvm.dll+0x7a6dc]
V  [jvm.dll+0x60fa68]
V  [jvm.dll+0x60db14]
V  [jvm.dll+0x21a428]
V  [jvm.dll+0x2199d1]
V  [jvm.dll+0x1a57cd]
V  [jvm.dll+0x2297ae]
V  [jvm.dll+0x22797c]
V  [jvm.dll+0x7e9877]
V  [jvm.dll+0x7e3c3a]
V  [jvm.dll+0x67be35]
C  [ucrtbase.dll+0x21bb2]
C  [KERNEL32.DLL+0x17614]
C  [ntdll.dll+0x526b1]


---------------  P R O C E S S  ---------------

Threads class SMR info:
_java_thread_list=0x0000016bfb911d70, length=21, elements={
0x0000016be0f43ae0, 0x0000016bf4d8b750, 0x0000016bf4d8e7f0, 0x0000016bf4db4150,
0x0000016bf4db4dd0, 0x0000016bf4db6900, 0x0000016bf4db72c0, 0x0000016bf4db8060,
0x0000016bf9f0acf0, 0x0000016bf9f351d0, 0x0000016bf9f98a70, 0x0000016bfa21f7b0,
0x0000016bfaae7c30, 0x0000016bfaa1e370, 0x0000016bfaab8fc0, 0x0000016bfaa73190,
0x0000016bfaaf8fe0, 0x0000016bfac7b240, 0x0000016bfac7b750, 0x0000016bfac7a310,
0x0000016bfa4d37e0
}

Java Threads: ( => current thread )
  0x0000016be0f43ae0 JavaThread "main" [_thread_blocked, id=6408, stack(0x00000008fb500000,0x00000008fb600000)]
  0x0000016bf4d8b750 JavaThread "Reference Handler" daemon [_thread_blocked, id=10724, stack(0x00000008fb800000,0x00000008fb900000)]
  0x0000016bf4d8e7f0 JavaThread "Finalizer" daemon [_thread_blocked, id=12680, stack(0x00000008fb900000,0x00000008fba00000)]
  0x0000016bf4db4150 JavaThread "Signal Dispatcher" daemon [_thread_blocked, id=9508, stack(0x00000008fba00000,0x00000008fbb00000)]
  0x0000016bf4db4dd0 JavaThread "Attach Listener" daemon [_thread_blocked, id=11640, stack(0x00000008fbb00000,0x00000008fbc00000)]
  0x0000016bf4db6900 JavaThread "Service Thread" daemon [_thread_blocked, id=1180, stack(0x00000008fbc00000,0x00000008fbd00000)]
  0x0000016bf4db72c0 JavaThread "Monitor Deflation Thread" daemon [_thread_blocked, id=6896, stack(0x00000008fbd00000,0x00000008fbe00000)]
=>0x0000016bf4db8060 JavaThread "C2 CompilerThread0" daemon [_thread_in_native, id=9036, stack(0x00000008fbe00000,0x00000008fbf00000)]
  0x0000016bf9f0acf0 JavaThread "C1 CompilerThread0" daemon [_thread_blocked, id=10004, stack(0x00000008fbf00000,0x00000008fc000000)]
  0x0000016bf9f351d0 JavaThread "Sweeper thread" daemon [_thread_blocked, id=11244, stack(0x00000008fc000000,0x00000008fc100000)]
  0x0000016bf9f98a70 JavaThread "Common-Cleaner" daemon [_thread_blocked, id=3036, stack(0x00000008fc100000,0x00000008fc200000)]
  0x0000016bfa21f7b0 JavaThread "Notification Thread" daemon [_thread_blocked, id=8500, stack(0x00000008fc200000,0x00000008fc300000)]
  0x0000016bfaae7c30 JavaThread "Active Thread: Equinox Container: ba257170-ce03-4a0b-91f4-8cc8bccfccd0" [_thread_blocked, id=5696, stack(0x00000008fc700000,0x00000008fc800000)]
  0x0000016bfaa1e370 JavaThread "Framework Event Dispatcher: Equinox Container: ba257170-ce03-4a0b-91f4-8cc8bccfccd0" daemon [_thread_blocked, id=380, stack(0x00000008fc900000,0x00000008fca00000)]
  0x0000016bfaab8fc0 JavaThread "Start Level: Equinox Container: ba257170-ce03-4a0b-91f4-8cc8bccfccd0" daemon [_thread_in_vm, id=10896, stack(0x00000008fca00000,0x00000008fcb00000)]
  0x0000016bfaa73190 JavaThread "SCR Component Actor" daemon [_thread_blocked, id=4452, stack(0x00000008fc800000,0x00000008fc900000)]
  0x0000016bfaaf8fe0 JavaThread "SCR Component Registry" daemon [_thread_blocked, id=7716, stack(0x00000008fcb00000,0x00000008fcc00000)]
  0x0000016bfac7b240 JavaThread "Worker-JM" [_thread_blocked, id=13532, stack(0x00000008fcc00000,0x00000008fcd00000)]
  0x0000016bfac7b750 JavaThread "Worker-0" [_thread_blocked, id=8240, stack(0x00000008fcd00000,0x00000008fce00000)]
  0x0000016bfac7a310 JavaThread "Worker-1" [_thread_blocked, id=1860, stack(0x00000008fce00000,0x00000008fcf00000)]
  0x0000016bfa4d37e0 JavaThread "C2 CompilerThread1" daemon [_thread_in_native, id=8368, stack(0x00000008fcf00000,0x00000008fd000000)]

Other Threads:
  0x0000016bf4cc0d80 VMThread "VM Thread" [stack: 0x00000008fb700000,0x00000008fb800000] [id=10480]
  0x0000016bfa214ab0 WatcherThread [stack: 0x00000008fc300000,0x00000008fc400000] [id=13900]
  0x0000016be0f5cf30 GCTaskThread "GC Thread#0" [stack: 0x00000008fb600000,0x00000008fb700000] [id=3188]
  0x0000016bfa90e270 GCTaskThread "GC Thread#1" [stack: 0x00000008fc400000,0x00000008fc500000] [id=2212]
  0x0000016bfa911b60 GCTaskThread "GC Thread#2" [stack: 0x00000008fc500000,0x00000008fc600000] [id=13164]
  0x0000016bfa911e20 GCTaskThread "GC Thread#3" [stack: 0x00000008fc600000,0x00000008fc700000] [id=776]

Threads with active compile tasks:
C2 CompilerThread0     8665 2345       4       org.lombokweb.asm.ClassReader::readMethod (1066 bytes)
C2 CompilerThread1     8665 2351       4       org.lombokweb.asm.ClassVisitor::visitMethod (24 bytes)

VM state: not at safepoint (normal execution)

VM Mutex/Monitor currently owned by a thread:  ([mutex/lock_event])
[0x0000016be0f35b20] Metaspace_lock - owner thread: 0x0000016bfaab8fc0

Heap address: 0x00000000c0000000, size: 1024 MB, Compressed Oops mode: 32-bit

CDS archive(s) not mapped
Compressed class space mapped at: 0x0000000100000000-0x0000000140000000, reserved size: 1073741824
Narrow klass base: 0x0000000000000000, Narrow klass shift: 3, Narrow klass range: 0x140000000

GC Precious Log:
 CPUs: 4 total, 4 available
 Memory: 3918M
 Large Page Support: Disabled
 NUMA Support: Disabled
 Compressed Oops: Enabled (32-bit)
 Alignments: Space 512K, Generation 512K, Heap 2M
 Heap Min Capacity: 100M
 Heap Initial Capacity: 100M
 Heap Max Capacity: 1G
 Pre-touch: Disabled
 Parallel Workers: 4

Heap:
 PSYoungGen      total 26112K, used 23122K [0x00000000eab00000, 0x00000000ec880000, 0x0000000100000000)
  eden space 25088K, 89% used [0x00000000eab00000,0x00000000ec101ac0,0x00000000ec380000)
  from space 1024K, 57% used [0x00000000ec400000,0x00000000ec4930c0,0x00000000ec500000)
  to   space 2048K, 0% used [0x00000000ec680000,0x00000000ec680000,0x00000000ec880000)
 ParOldGen       total 68608K, used 6607K [0x00000000c0000000, 0x00000000c4300000, 0x00000000eab00000)
  object space 68608K, 9% used [0x00000000c0000000,0x00000000c0673eb8,0x00000000c4300000)
 Metaspace       used 26751K, committed 27200K, reserved 1114112K
  class space    used 2569K, committed 2752K, reserved 1048576K

Card table byte_map: [0x0000016be08f0000,0x0000016be0b00000] _byte_map_base: 0x0000016be02f0000

Marking Bits: (ParMarkBitMap*) 0x00007ff90f56d0b0
 Begin Bits: [0x0000016bf2bf0000, 0x0000016bf3bf0000)
 End Bits:   [0x0000016bf3bf0000, 0x0000016bf4bf0000)

Polling page: 0x0000016bdeee0000

Metaspace:

Usage:
  Non-class:     23.62 MB used.
      Class:      2.51 MB used.
       Both:     26.12 MB used.

Virtual space:
  Non-class space:       64.00 MB reserved,      23.88 MB ( 37%) committed,  1 nodes.
      Class space:        1.00 GB reserved,       2.69 MB ( <1%) committed,  1 nodes.
             Both:        1.06 GB reserved,      26.56 MB (  2%) committed. 

Chunk freelists:
   Non-Class:  8.11 MB
       Class:  13.31 MB
        Both:  21.42 MB

MaxMetaspaceSize: unlimited
CompressedClassSpaceSize: 1.00 GB
Initial GC threshold: 21.00 MB
Current GC threshold: 35.00 MB
CDS: off
MetaspaceReclaimPolicy: balanced
 - commit_granule_bytes: 65536.
 - commit_granule_words: 8192.
 - virtual_space_node_default_size: 8388608.
 - enlarge_chunks_in_place: 1.
 - new_chunks_are_fully_committed: 0.
 - uncommit_free_chunks: 1.
 - use_allocation_guard: 0.
 - handle_deallocations: 1.


Internal statistics:

num_allocs_failed_limit: 3.
num_arena_births: 272.
num_arena_deaths: 14.
num_vsnodes_births: 2.
num_vsnodes_deaths: 0.
num_space_committed: 425.
num_space_uncommitted: 0.
num_chunks_returned_to_freelist: 17.
num_chunks_taken_from_freelist: 1004.
num_chunk_merges: 4.
num_chunk_splits: 672.
num_chunks_enlarged: 458.
num_inconsistent_stats: 0.

CodeHeap 'non-profiled nmethods': size=120000Kb used=928Kb max_used=928Kb free=119071Kb
 bounds [0x0000016beb6c0000, 0x0000016beb930000, 0x0000016bf2bf0000]
CodeHeap 'profiled nmethods': size=120000Kb used=4804Kb max_used=4804Kb free=115195Kb
 bounds [0x0000016be3bf0000, 0x0000016be40b0000, 0x0000016beb120000]
CodeHeap 'non-nmethods': size=5760Kb used=1224Kb max_used=1241Kb free=4536Kb
 bounds [0x0000016beb120000, 0x0000016beb390000, 0x0000016beb6c0000]
 total_blobs=2924 nmethods=2387 adapters=452
 compilation: enabled
              stopped_count=0, restarted_count=0
 full_count=0

Compilation events (20 events):
Event: 8.493 Thread 0x0000016bf9f0acf0 nmethod 2378 0x0000016be4094810 code [0x0000016be4094ba0, 0x0000016be4096248]
Event: 8.493 Thread 0x0000016bf9f0acf0 2379       3       org.eclipse.core.internal.preferences.PreferencesService::getDefault (20 bytes)
Event: 8.494 Thread 0x0000016bf9f0acf0 nmethod 2379 0x0000016be4096a10 code [0x0000016be4096be0, 0x0000016be4097048]
Event: 8.494 Thread 0x0000016bf9f0acf0 2380       3       org.eclipse.core.internal.preferences.DefaultPreferences::internalPut (62 bytes)
Event: 8.495 Thread 0x0000016bf9f0acf0 nmethod 2380 0x0000016be4097210 code [0x0000016be40974a0, 0x0000016be4098178]
Event: 8.504 Thread 0x0000016bf9f0acf0 2381       3       java.util.Collections::emptyMap (4 bytes)
Event: 8.504 Thread 0x0000016bf9f0acf0 nmethod 2381 0x0000016be4098610 code [0x0000016be40987a0, 0x0000016be4098898]
Event: 8.587 Thread 0x0000016bf9f0acf0 2383       3       java.lang.reflect.Field::acquireFieldAccessor (59 bytes)
Event: 8.587 Thread 0x0000016bf9f0acf0 nmethod 2383 0x0000016be4098910 code [0x0000016be4098b00, 0x0000016be4099018]
Event: 8.587 Thread 0x0000016bf9f0acf0 2384       3       jdk.internal.reflect.UnsafeFieldAccessorFactory::newFieldAccessor (638 bytes)
Event: 8.594 Thread 0x0000016bf9f0acf0 nmethod 2384 0x0000016be4099190 code [0x0000016be4099920, 0x0000016be409c838]
Event: 8.595 Thread 0x0000016bfa4d37e0 2388 %     4       java.util.Properties$LineReader::readLine @ 53 (584 bytes)
Event: 8.595 Thread 0x0000016bf9f0acf0 2389       3       java.util.Properties::loadConvert (540 bytes)
Event: 8.597 Thread 0x0000016bf9f0acf0 nmethod 2389 0x0000016be409d690 code [0x0000016be409d980, 0x0000016be409ed98]
Event: 8.597 Thread 0x0000016bf9f0acf0 2387       3       java.lang.reflect.Field::checkAccess (32 bytes)
Event: 8.597 Thread 0x0000016bf9f0acf0 nmethod 2387 0x0000016be409f410 code [0x0000016be409f5c0, 0x0000016be409f848]
Event: 8.597 Thread 0x0000016bf9f0acf0 2385       3       jdk.internal.reflect.UnsafeFieldAccessorImpl::<init> (56 bytes)
Event: 8.598 Thread 0x0000016bf9f0acf0 nmethod 2385 0x0000016be409f990 code [0x0000016be409fbc0, 0x0000016be40a0358]
Event: 8.598 Thread 0x0000016bf9f0acf0 2386       3       jdk.internal.reflect.UnsafeStaticObjectFieldAccessorImpl::set (54 bytes)
Event: 8.599 Thread 0x0000016bf9f0acf0 nmethod 2386 0x0000016be40a0610 code [0x0000016be40a0840, 0x0000016be40a10e8]

GC Heap History (12 events):
Event: 2.618 GC heap before
{Heap before GC invocations=1 (full 0):
 PSYoungGen      total 29696K, used 25600K [0x00000000eab00000, 0x00000000ecc00000, 0x0000000100000000)
  eden space 25600K, 100% used [0x00000000eab00000,0x00000000ec400000,0x00000000ec400000)
  from space 4096K, 0% used [0x00000000ec800000,0x00000000ec800000,0x00000000ecc00000)
  to   space 4096K, 0% used [0x00000000ec400000,0x00000000ec400000,0x00000000ec800000)
 ParOldGen       total 68608K, used 0K [0x00000000c0000000, 0x00000000c4300000, 0x00000000eab00000)
  object space 68608K, 0% used [0x00000000c0000000,0x00000000c0000000,0x00000000c4300000)
 Metaspace       used 11032K, committed 11200K, reserved 1114112K
  class space    used 1099K, committed 1216K, reserved 1048576K
}
Event: 2.654 GC heap after
{Heap after GC invocations=1 (full 0):
 PSYoungGen      total 29696K, used 3155K [0x00000000eab00000, 0x00000000ecc00000, 0x0000000100000000)
  eden space 25600K, 0% used [0x00000000eab00000,0x00000000eab00000,0x00000000ec400000)
  from space 4096K, 77% used [0x00000000ec400000,0x00000000ec714c18,0x00000000ec800000)
  to   space 4096K, 0% used [0x00000000ec800000,0x00000000ec800000,0x00000000ecc00000)
 ParOldGen       total 68608K, used 0K [0x00000000c0000000, 0x00000000c4300000, 0x00000000eab00000)
  object space 68608K, 0% used [0x00000000c0000000,0x00000000c0000000,0x00000000c4300000)
 Metaspace       used 11032K, committed 11200K, reserved 1114112K
  class space    used 1099K, committed 1216K, reserved 1048576K
}
Event: 4.720 GC heap before
{Heap before GC invocations=2 (full 0):
 PSYoungGen      total 29696K, used 28755K [0x00000000eab00000, 0x00000000ecc00000, 0x0000000100000000)
  eden space 25600K, 100% used [0x00000000eab00000,0x00000000ec400000,0x00000000ec400000)
  from space 4096K, 77% used [0x00000000ec400000,0x00000000ec714c18,0x00000000ec800000)
  to   space 4096K, 0% used [0x00000000ec800000,0x00000000ec800000,0x00000000ecc00000)
 ParOldGen       total 68608K, used 0K [0x00000000c0000000, 0x00000000c4300000, 0x00000000eab00000)
  object space 68608K, 0% used [0x00000000c0000000,0x00000000c0000000,0x00000000c4300000)
 Metaspace       used 15184K, committed 15424K, reserved 1114112K
  class space    used 1542K, committed 1664K, reserved 1048576K
}
Event: 4.730 GC heap after
{Heap after GC invocations=2 (full 0):
 PSYoungGen      total 29696K, used 4088K [0x00000000eab00000, 0x00000000ecc00000, 0x0000000100000000)
  eden space 25600K, 0% used [0x00000000eab00000,0x00000000eab00000,0x00000000ec400000)
  from space 4096K, 99% used [0x00000000ec800000,0x00000000ecbfe118,0x00000000ecc00000)
  to   space 4096K, 0% used [0x00000000ec400000,0x00000000ec400000,0x00000000ec800000)
 ParOldGen       total 68608K, used 720K [0x00000000c0000000, 0x00000000c4300000, 0x00000000eab00000)
  object space 68608K, 1% used [0x00000000c0000000,0x00000000c00b4340,0x00000000c4300000)
 Metaspace       used 15184K, committed 15424K, reserved 1114112K
  class space    used 1542K, committed 1664K, reserved 1048576K
}
Event: 6.485 GC heap before
{Heap before GC invocations=3 (full 0):
 PSYoungGen      total 29696K, used 29688K [0x00000000eab00000, 0x00000000ecc00000, 0x0000000100000000)
  eden space 25600K, 100% used [0x00000000eab00000,0x00000000ec400000,0x00000000ec400000)
  from space 4096K, 99% used [0x00000000ec800000,0x00000000ecbfe118,0x00000000ecc00000)
  to   space 4096K, 0% used [0x00000000ec400000,0x00000000ec400000,0x00000000ec800000)
 ParOldGen       total 68608K, used 720K [0x00000000c0000000, 0x00000000c4300000, 0x00000000eab00000)
  object space 68608K, 1% used [0x00000000c0000000,0x00000000c00b4340,0x00000000c4300000)
 Metaspace       used 20219K, committed 20608K, reserved 1114112K
  class space    used 2068K, committed 2240K, reserved 1048576K
}
Event: 6.494 GC heap after
{Heap after GC invocations=3 (full 0):
 PSYoungGen      total 29696K, used 4077K [0x00000000eab00000, 0x00000000ecc00000, 0x0000000100000000)
  eden space 25600K, 0% used [0x00000000eab00000,0x00000000eab00000,0x00000000ec400000)
  from space 4096K, 99% used [0x00000000ec400000,0x00000000ec7fb7b8,0x00000000ec800000)
  to   space 4096K, 0% used [0x00000000ec800000,0x00000000ec800000,0x00000000ecc00000)
 ParOldGen       total 68608K, used 2482K [0x00000000c0000000, 0x00000000c4300000, 0x00000000eab00000)
  object space 68608K, 3% used [0x00000000c0000000,0x00000000c026cbc0,0x00000000c4300000)
 Metaspace       used 20219K, committed 20608K, reserved 1114112K
  class space    used 2068K, committed 2240K, reserved 1048576K
}
Event: 6.903 GC heap before
{Heap before GC invocations=4 (full 0):
 PSYoungGen      total 29696K, used 9229K [0x00000000eab00000, 0x00000000ecc00000, 0x0000000100000000)
  eden space 25600K, 20% used [0x00000000eab00000,0x00000000eb007ea8,0x00000000ec400000)
  from space 4096K, 99% used [0x00000000ec400000,0x00000000ec7fb7b8,0x00000000ec800000)
  to   space 4096K, 0% used [0x00000000ec800000,0x00000000ec800000,0x00000000ecc00000)
 ParOldGen       total 68608K, used 2482K [0x00000000c0000000, 0x00000000c4300000, 0x00000000eab00000)
  object space 68608K, 3% used [0x00000000c0000000,0x00000000c026cbc0,0x00000000c4300000)
 Metaspace       used 21083K, committed 21504K, reserved 1114112K
  class space    used 2157K, committed 2368K, reserved 1048576K
}
Event: 6.911 GC heap after
{Heap after GC invocations=4 (full 0):
 PSYoungGen      total 29696K, used 4093K [0x00000000eab00000, 0x00000000ecc00000, 0x0000000100000000)
  eden space 25600K, 0% used [0x00000000eab00000,0x00000000eab00000,0x00000000ec400000)
  from space 4096K, 99% used [0x00000000ec800000,0x00000000ecbff7a8,0x00000000ecc00000)
  to   space 4096K, 0% used [0x00000000ec400000,0x00000000ec400000,0x00000000ec800000)
 ParOldGen       total 68608K, used 2658K [0x00000000c0000000, 0x00000000c4300000, 0x00000000eab00000)
  object space 68608K, 3% used [0x00000000c0000000,0x00000000c0298bc0,0x00000000c4300000)
 Metaspace       used 21083K, committed 21504K, reserved 1114112K
  class space    used 2157K, committed 2368K, reserved 1048576K
}
Event: 6.911 GC heap before
{Heap before GC invocations=5 (full 1):
 PSYoungGen      total 29696K, used 4093K [0x00000000eab00000, 0x00000000ecc00000, 0x0000000100000000)
  eden space 25600K, 0% used [0x00000000eab00000,0x00000000eab00000,0x00000000ec400000)
  from space 4096K, 99% used [0x00000000ec800000,0x00000000ecbff7a8,0x00000000ecc00000)
  to   space 4096K, 0% used [0x00000000ec400000,0x00000000ec400000,0x00000000ec800000)
 ParOldGen       total 68608K, used 2658K [0x00000000c0000000, 0x00000000c4300000, 0x00000000eab00000)
  object space 68608K, 3% used [0x00000000c0000000,0x00000000c0298bc0,0x00000000c4300000)
 Metaspace       used 21083K, committed 21504K, reserved 1114112K
  class space    used 2157K, committed 2368K, reserved 1048576K
}
Event: 6.953 GC heap after
{Heap after GC invocations=5 (full 1):
 PSYoungGen      total 29696K, used 0K [0x00000000eab00000, 0x00000000ecc00000, 0x0000000100000000)
  eden space 25600K, 0% used [0x00000000eab00000,0x00000000eab00000,0x00000000ec400000)
  from space 4096K, 0% used [0x00000000ec800000,0x00000000ec800000,0x00000000ecc00000)
  to   space 4096K, 0% used [0x00000000ec400000,0x00000000ec400000,0x00000000ec800000)
 ParOldGen       total 68608K, used 6599K [0x00000000c0000000, 0x00000000c4300000, 0x00000000eab00000)
  object space 68608K, 9% used [0x00000000c0000000,0x00000000c0671eb8,0x00000000c4300000)
 Metaspace       used 21069K, committed 21504K, reserved 1114112K
  class space    used 2154K, committed 2368K, reserved 1048576K
}
Event: 7.795 GC heap before
{Heap before GC invocations=6 (full 1):
 PSYoungGen      total 29696K, used 25600K [0x00000000eab00000, 0x00000000ecc00000, 0x0000000100000000)
  eden space 25600K, 100% used [0x00000000eab00000,0x00000000ec400000,0x00000000ec400000)
  from space 4096K, 0% used [0x00000000ec800000,0x00000000ec800000,0x00000000ecc00000)
  to   space 4096K, 0% used [0x00000000ec400000,0x00000000ec400000,0x00000000ec800000)
 ParOldGen       total 68608K, used 6599K [0x00000000c0000000, 0x00000000c4300000, 0x00000000eab00000)
  object space 68608K, 9% used [0x00000000c0000000,0x00000000c0671eb8,0x00000000c4300000)
 Metaspace       used 24519K, committed 25024K, reserved 1114112K
  class space    used 2409K, committed 2624K, reserved 1048576K
}
Event: 7.796 GC heap after
{Heap after GC invocations=6 (full 1):
 PSYoungGen      total 26112K, used 588K [0x00000000eab00000, 0x00000000ec880000, 0x0000000100000000)
  eden space 25088K, 0% used [0x00000000eab00000,0x00000000eab00000,0x00000000ec380000)
  from space 1024K, 57% used [0x00000000ec400000,0x00000000ec4930c0,0x00000000ec500000)
  to   space 2048K, 0% used [0x00000000ec680000,0x00000000ec680000,0x00000000ec880000)
 ParOldGen       total 68608K, used 6607K [0x00000000c0000000, 0x00000000c4300000, 0x00000000eab00000)
  object space 68608K, 9% used [0x00000000c0000000,0x00000000c0673eb8,0x00000000c4300000)
 Metaspace       used 24519K, committed 25024K, reserved 1114112K
  class space    used 2409K, committed 2624K, reserved 1048576K
}

Dll operation events (9 events):
Event: 0.046 Loaded shared library c:\Users\D&T\.vscode\extensions\redhat.java-1.25.1-win32-x64\jre\17.0.9-win32-x86_64\bin\java.dll
Event: 0.437 Loaded shared library c:\Users\D&T\.vscode\extensions\redhat.java-1.25.1-win32-x64\jre\17.0.9-win32-x86_64\bin\zip.dll
Event: 0.443 Loaded shared library C:\Users\D&T\.vscode\extensions\redhat.java-1.25.1-win32-x64\jre\17.0.9-win32-x86_64\bin\instrument.dll
Event: 0.486 Loaded shared library C:\Users\D&T\.vscode\extensions\redhat.java-1.25.1-win32-x64\jre\17.0.9-win32-x86_64\bin\net.dll
Event: 0.492 Loaded shared library C:\Users\D&T\.vscode\extensions\redhat.java-1.25.1-win32-x64\jre\17.0.9-win32-x86_64\bin\nio.dll
Event: 0.508 Loaded shared library C:\Users\D&T\.vscode\extensions\redhat.java-1.25.1-win32-x64\jre\17.0.9-win32-x86_64\bin\zip.dll
Event: 0.547 Loaded shared library C:\Users\D&T\.vscode\extensions\redhat.java-1.25.1-win32-x64\jre\17.0.9-win32-x86_64\bin\jimage.dll
Event: 0.851 Loaded shared library c:\Users\D&T\.vscode\extensions\redhat.java-1.25.1-win32-x64\jre\17.0.9-win32-x86_64\bin\verify.dll
Event: 4.301 Loaded shared library C:\Users\D&T\AppData\Roaming\Code\User\globalStorage\redhat.java\1.25.1\config_ss_win\org.eclipse.equinox.launcher\org.eclipse.equinox.launcher.win32.win32.x86_64_1.2.800.v20231003-1442\eclipse_11802.dll

Deoptimization events (20 events):
Event: 5.543 Thread 0x0000016bfaab8fc0 Uncommon trap: trap_request=0xffffffc6 fr.pc=0x0000016beb774c3c relative=0x0000000000000d7c
Event: 5.543 Thread 0x0000016bfaab8fc0 Uncommon trap: reason=bimorphic_or_optimized_type_check action=maybe_recompile pc=0x0000016beb774c3c method=java.io.DataInputStream.readInt()I @ 6 c2
Event: 5.543 Thread 0x0000016bfaab8fc0 DEOPT PACKING pc=0x0000016beb774c3c sp=0x00000008fcaf84c0
Event: 5.543 Thread 0x0000016bfaab8fc0 DEOPT UNPACKING pc=0x0000016beb17669d sp=0x00000008fcaf8478 mode 2
Event: 5.543 Thread 0x0000016bfaab8fc0 Uncommon trap: trap_request=0xffffffc6 fr.pc=0x0000016beb774c3c relative=0x0000000000000d7c
Event: 5.543 Thread 0x0000016bfaab8fc0 Uncommon trap: reason=bimorphic_or_optimized_type_check action=maybe_recompile pc=0x0000016beb774c3c method=java.io.DataInputStream.readInt()I @ 6 c2
Event: 5.543 Thread 0x0000016bfaab8fc0 DEOPT PACKING pc=0x0000016beb774c3c sp=0x00000008fcaf8530
Event: 5.543 Thread 0x0000016bfaab8fc0 DEOPT UNPACKING pc=0x0000016beb17669d sp=0x00000008fcaf84e8 mode 2
Event: 5.832 Thread 0x0000016bfaab8fc0 Uncommon trap: trap_request=0xffffff45 fr.pc=0x0000016beb6f8588 relative=0x0000000000000d68
Event: 5.832 Thread 0x0000016bfaab8fc0 Uncommon trap: reason=unstable_if action=reinterpret pc=0x0000016beb6f8588 method=lombok.patcher.PatchScript.classMatches(Ljava/lang/String;Ljava/util/Collection;)Z @ 25 c2
Event: 5.832 Thread 0x0000016bfaab8fc0 DEOPT PACKING pc=0x0000016beb6f8588 sp=0x00000008fcaf6a20
Event: 5.832 Thread 0x0000016bfaab8fc0 DEOPT UNPACKING pc=0x0000016beb17669d sp=0x00000008fcaf69e0 mode 2
Event: 6.563 Thread 0x0000016bfaab8fc0 Uncommon trap: trap_request=0xffffff45 fr.pc=0x0000016beb7510c0 relative=0x0000000000000040
Event: 6.563 Thread 0x0000016bfaab8fc0 Uncommon trap: reason=unstable_if action=reinterpret pc=0x0000016beb7510c0 method=sun.nio.fs.WindowsPathParser.isSlash(C)Z @ 9 c2
Event: 6.563 Thread 0x0000016bfaab8fc0 DEOPT PACKING pc=0x0000016beb7510c0 sp=0x00000008fcaf8e20
Event: 6.563 Thread 0x0000016bfaab8fc0 DEOPT UNPACKING pc=0x0000016beb17669d sp=0x00000008fcaf8da8 mode 2
Event: 8.592 Thread 0x0000016bfaab8fc0 Uncommon trap: trap_request=0xffffff45 fr.pc=0x0000016beb786e54 relative=0x0000000000000db4
Event: 8.592 Thread 0x0000016bfaab8fc0 Uncommon trap: reason=unstable_if action=reinterpret pc=0x0000016beb786e54 method=java.util.Properties.loadConvert([CIILjava/lang/StringBuilder;)Ljava/lang/String; @ 463 c2
Event: 8.592 Thread 0x0000016bfaab8fc0 DEOPT PACKING pc=0x0000016beb786e54 sp=0x00000008fcaf7b60
Event: 8.592 Thread 0x0000016bfaab8fc0 DEOPT UNPACKING pc=0x0000016beb17669d sp=0x00000008fcaf7b40 mode 2

Classes unloaded (7 events):
Event: 6.917 Thread 0x0000016bf4cc0d80 Unloading class 0x000000010021c000 'java/lang/invoke/LambdaForm$MH+0x000000010021c000'
Event: 6.917 Thread 0x0000016bf4cc0d80 Unloading class 0x000000010021bc00 'java/lang/invoke/LambdaForm$MH+0x000000010021bc00'
Event: 6.917 Thread 0x0000016bf4cc0d80 Unloading class 0x000000010021b800 'java/lang/invoke/LambdaForm$MH+0x000000010021b800'
Event: 6.917 Thread 0x0000016bf4cc0d80 Unloading class 0x000000010021b400 'java/lang/invoke/LambdaForm$MH+0x000000010021b400'
Event: 6.917 Thread 0x0000016bf4cc0d80 Unloading class 0x000000010021b000 'java/lang/invoke/LambdaForm$BMH+0x000000010021b000'
Event: 6.917 Thread 0x0000016bf4cc0d80 Unloading class 0x000000010021ac00 'java/lang/invoke/LambdaForm$DMH+0x000000010021ac00'
Event: 6.917 Thread 0x0000016bf4cc0d80 Unloading class 0x0000000100218000 'java/lang/invoke/LambdaForm$DMH+0x0000000100218000'

Classes redefined (0 events):
No events

Internal exceptions (20 events):
Event: 5.879 Thread 0x0000016bfaab8fc0 Exception <a 'java/lang/NoSuchMethodError'{0x00000000ebddb770}: 'int java.lang.invoke.DirectMethodHandle$Holder.invokeSpecial(java.lang.Object, java.lang.Object, java.lang.Object)'> (0x00000000ebddb770) 
thrown [s\src\hotspot\share\interpreter\linkResolver.cpp, line 759]
Event: 5.895 Thread 0x0000016bfaab8fc0 Exception <a 'java/lang/NoSuchMethodError'{0x00000000ebdecc88}: 'int java.lang.invoke.DirectMethodHandle$Holder.invokeStatic(java.lang.Object, java.lang.Object, int)'> (0x00000000ebdecc88) 
thrown [s\src\hotspot\share\interpreter\linkResolver.cpp, line 759]
Event: 5.896 Thread 0x0000016bfaab8fc0 Exception <a 'java/lang/NoSuchMethodError'{0x00000000ebdf0cb0}: 'int java.lang.invoke.DirectMethodHandle$Holder.invokeSpecial(java.lang.Object, java.lang.Object, java.lang.Object, int)'> (0x00000000ebdf0cb0) 
thrown [s\src\hotspot\share\interpreter\linkResolver.cpp, line 759]
Event: 5.901 Thread 0x0000016bfaab8fc0 Exception <a 'java/lang/NoSuchMethodError'{0x00000000ebe0cb08}: 'java.lang.Object java.lang.invoke.DirectMethodHandle$Holder.invokeStatic(java.lang.Object, java.lang.Object, java.lang.Object, java.lang.Object, int)'> (0x00000000ebe0cb08) 
thrown [s\src\hotspot\share\interpreter\linkResolver.cpp, line 759]
Event: 5.906 Thread 0x0000016bfaab8fc0 Exception <a 'java/lang/NoSuchMethodError'{0x00000000ebe18b00}: 'java.lang.Object java.lang.invoke.DelegatingMethodHandle$Holder.reinvoke_L(java.lang.Object, java.lang.Object, java.lang.Object, java.lang.Object, int, int)'> (0x00000000ebe18b00) 
thrown [s\src\hotspot\share\interpreter\linkResolver.cpp, line 759]
Event: 5.927 Thread 0x0000016bfaab8fc0 Exception <a 'java/lang/NoSuchMethodError'{0x00000000ebe2d0d0}: 'java.lang.Object java.lang.invoke.Invokers$Holder.invokeExact_MT(java.lang.Object, java.lang.Object, java.lang.Object, java.lang.Object)'> (0x00000000ebe2d0d0) 
thrown [s\src\hotspot\share\interpreter\linkResolver.cpp, line 759]
Event: 6.186 Thread 0x0000016bfaab8fc0 Exception <a 'java/io/FileNotFoundException'{0x00000000ec09e408}> (0x00000000ec09e408) 
thrown [s\src\hotspot\share\prims\jni.cpp, line 516]
Event: 6.409 Thread 0x0000016bfaab8fc0 Exception <a 'java/lang/NoSuchMethodError'{0x00000000ec31eef0}: 'java.lang.Object java.lang.invoke.DirectMethodHandle$Holder.newInvokeSpecial(java.lang.Object, java.lang.Object, java.lang.Object, java.lang.Object, java.lang.Object)'> (0x00000000ec31eef0) 
thrown [s\src\hotspot\share\interpreter\linkResolver.cpp, line 759]
Event: 6.782 Thread 0x0000016bfaab8fc0 Exception <a 'java/lang/NoSuchMethodError'{0x00000000eadc4590}: 'java.lang.Object java.lang.invoke.DirectMethodHandle$Holder.invokeSpecial(java.lang.Object, java.lang.Object, java.lang.Object, long, java.lang.Object)'> (0x00000000eadc4590) 
thrown [s\src\hotspot\share\interpreter\linkResolver.cpp, line 759]
Event: 6.784 Thread 0x0000016bfaab8fc0 Exception <a 'java/lang/NoSuchMethodError'{0x00000000eadcc748}: 'java.lang.Object java.lang.invoke.DirectMethodHandle$Holder.newInvokeSpecial(java.lang.Object, java.lang.Object, java.lang.Object, long)'> (0x00000000eadcc748) 
thrown [s\src\hotspot\share\interpreter\linkResolver.cpp, line 759]
Event: 6.784 Thread 0x0000016bfaab8fc0 Exception <a 'java/lang/NoSuchMethodError'{0x00000000eadd0ce8}: 'java.lang.Object java.lang.invoke.DirectMethodHandle$Holder.invokeSpecial(java.lang.Object, java.lang.Object, java.lang.Object, java.lang.Object, long)'> (0x00000000eadd0ce8) 
thrown [s\src\hotspot\share\interpreter\linkResolver.cpp, line 759]
Event: 6.787 Thread 0x0000016bfaab8fc0 Exception <a 'java/lang/NoSuchMethodError'{0x00000000eadd4b60}: 'java.lang.Object java.lang.invoke.Invokers$Holder.linkToTargetMethod(java.lang.Object, java.lang.Object, long, java.lang.Object)'> (0x00000000eadd4b60) 
thrown [s\src\hotspot\share\interpreter\linkResolver.cpp, line 759]
Event: 6.812 Thread 0x0000016bfaab8fc0 Exception <a 'java/lang/NoSuchMethodError'{0x00000000eae30bf8}: 'int java.lang.invoke.DirectMethodHandle$Holder.invokeStaticInit(java.lang.Object, java.lang.Object, java.lang.Object)'> (0x00000000eae30bf8) 
thrown [s\src\hotspot\share\interpreter\linkResolver.cpp, line 759]
Event: 6.845 Thread 0x0000016bfaab8fc0 Exception <a 'java/lang/IncompatibleClassChangeError'{0x00000000eaeb8db8}: Found class java.lang.Object, but interface was expected> (0x00000000eaeb8db8) 
thrown [s\src\hotspot\share\interpreter\linkResolver.cpp, line 826]
Event: 6.854 Thread 0x0000016bfaab8fc0 Exception <a 'java/lang/NoSuchMethodError'{0x00000000eaecb960}: 'java.lang.Object java.lang.invoke.DirectMethodHandle$Holder.invokeSpecial(java.lang.Object, java.lang.Object, java.lang.Object, int, java.lang.Object, java.lang.Object)'> (0x00000000eaecb960) 
thrown [s\src\hotspot\share\interpreter\linkResolver.cpp, line 759]
Event: 6.855 Thread 0x0000016bfaab8fc0 Exception <a 'java/lang/NoSuchMethodError'{0x00000000eaed40e8}: 'java.lang.Object java.lang.invoke.DirectMethodHandle$Holder.newInvokeSpecial(java.lang.Object, java.lang.Object, java.lang.Object, int, java.lang.Object)'> (0x00000000eaed40e8) 
thrown [s\src\hotspot\share\interpreter\linkResolver.cpp, line 759]
Event: 6.855 Thread 0x0000016bfaab8fc0 Exception <a 'java/lang/NoSuchMethodError'{0x00000000eaed8540}: 'java.lang.Object java.lang.invoke.DirectMethodHandle$Holder.invokeSpecial(java.lang.Object, java.lang.Object, java.lang.Object, java.lang.Object, int, java.lang.Object)'> (0x00000000eaed8540) 
thrown [s\src\hotspot\share\interpreter\linkResolver.cpp, line 759]
Event: 6.859 Thread 0x0000016bfac7b750 Exception <a 'java/lang/NoSuchMethodError'{0x00000000eae51078}: 'java.lang.Object java.lang.invoke.DirectMethodHandle$Holder.invokeSpecial(java.lang.Object, java.lang.Object, int, java.lang.Object, java.lang.Object)'> (0x00000000eae51078) 
thrown [s\src\hotspot\share\interpreter\linkResolver.cpp, line 759]
Event: 6.860 Thread 0x0000016bfac7b750 Exception <a 'java/lang/NoSuchMethodError'{0x00000000eae58748}: 'java.lang.Object java.lang.invoke.DirectMethodHandle$Holder.newInvokeSpecial(java.lang.Object, java.lang.Object, int, java.lang.Object)'> (0x00000000eae58748) 
thrown [s\src\hotspot\share\interpreter\linkResolver.cpp, line 759]
Event: 6.861 Thread 0x0000016bfac7b750 Exception <a 'java/lang/NoSuchMethodError'{0x00000000eae5c258}: 'java.lang.Object java.lang.invoke.DirectMethodHandle$Holder.invokeSpecial(java.lang.Object, java.lang.Object, java.lang.Object, int, java.lang.Object)'> (0x00000000eae5c258) 
thrown [s\src\hotspot\share\interpreter\linkResolver.cpp, line 759]

VM Operations (20 events):
Event: 3.742 Executing VM operation: Cleanup
Event: 3.742 Executing VM operation: Cleanup done
Event: 4.565 Executing VM operation: HandshakeAllThreads
Event: 4.566 Executing VM operation: HandshakeAllThreads done
Event: 4.720 Executing VM operation: ParallelGCFailedAllocation
Event: 4.730 Executing VM operation: ParallelGCFailedAllocation done
Event: 5.544 Executing VM operation: HandshakeAllThreads
Event: 5.544 Executing VM operation: HandshakeAllThreads done
Event: 5.870 Executing VM operation: HandshakeAllThreads
Event: 5.870 Executing VM operation: HandshakeAllThreads done
Event: 5.870 Executing VM operation: Cleanup
Event: 5.871 Executing VM operation: Cleanup done
Event: 6.485 Executing VM operation: ParallelGCFailedAllocation
Event: 6.494 Executing VM operation: ParallelGCFailedAllocation done
Event: 6.891 Executing VM operation: HandshakeAllThreads
Event: 6.891 Executing VM operation: HandshakeAllThreads done
Event: 6.903 Executing VM operation: CollectForMetadataAllocation
Event: 6.953 Executing VM operation: CollectForMetadataAllocation done
Event: 7.795 Executing VM operation: ParallelGCFailedAllocation
Event: 7.796 Executing VM operation: ParallelGCFailedAllocation done

Events (20 events):
Event: 7.187 loading class java/util/zip/GZIPOutputStream done
Event: 7.211 loading class java/net/SocketTimeoutException
Event: 7.211 loading class java/io/InterruptedIOException
Event: 7.211 loading class java/io/InterruptedIOException done
Event: 7.211 loading class java/net/SocketTimeoutException done
Event: 7.211 loading class java/net/SocketException
Event: 7.211 loading class java/net/SocketException done
Event: 7.212 loading class java/net/UnknownHostException
Event: 7.212 loading class java/net/UnknownHostException done
Event: 7.212 loading class java/net/ProtocolException
Event: 7.212 loading class java/net/ProtocolException done
Event: 7.413 Thread 0x0000016bfa80b310 Thread added: 0x0000016bfa80b310
Event: 7.438 loading class java/io/FileWriter
Event: 7.438 loading class java/io/FileWriter done
Event: 7.442 loading class java/lang/NegativeArraySizeException
Event: 7.442 loading class java/lang/NegativeArraySizeException done
Event: 7.563 Thread 0x0000016bfa80b310 Thread exited: 0x0000016bfa80b310
Event: 8.569 loading class org/w3c/dom/DOMException
Event: 8.569 loading class org/w3c/dom/DOMException done
Event: 8.594 Thread 0x0000016bfa4d37e0 Thread added: 0x0000016bfa4d37e0


Dynamic libraries:
0x00007ff7bc9f0000 - 0x00007ff7bc9fe000 	c:\Users\D&T\.vscode\extensions\redhat.java-1.25.1-win32-x64\jre\17.0.9-win32-x86_64\bin\java.exe
0x00007ff9755b0000 - 0x00007ff9757a8000 	C:\WINDOWS\SYSTEM32\ntdll.dll
0x00007ff9754b0000 - 0x00007ff97556f000 	C:\WINDOWS\System32\KERNEL32.DLL
0x00007ff973130000 - 0x00007ff973426000 	C:\WINDOWS\System32\KERNELBASE.dll
0x00007ff972e80000 - 0x00007ff972f80000 	C:\WINDOWS\System32\ucrtbase.dll
0x00007ff96a910000 - 0x00007ff96a927000 	c:\Users\D&T\.vscode\extensions\redhat.java-1.25.1-win32-x64\jre\17.0.9-win32-x86_64\bin\jli.dll
0x00007ff9742d0000 - 0x00007ff97446d000 	C:\WINDOWS\System32\USER32.dll
0x00007ff972db0000 - 0x00007ff972dd2000 	C:\WINDOWS\System32\win32u.dll
0x00007ff974850000 - 0x00007ff97487c000 	C:\WINDOWS\System32\GDI32.dll
0x00007ff972c90000 - 0x00007ff972da5000 	C:\WINDOWS\System32\gdi32full.dll
0x00007ff972de0000 - 0x00007ff972e7d000 	C:\WINDOWS\System32\msvcp_win.dll
0x00007ff965850000 - 0x00007ff96586b000 	c:\Users\D&T\.vscode\extensions\redhat.java-1.25.1-win32-x64\jre\17.0.9-win32-x86_64\bin\VCRUNTIME140.dll
0x00007ff95e650000 - 0x00007ff95e8ea000 	C:\WINDOWS\WinSxS\amd64_microsoft.windows.common-controls_6595b64144ccf1df_6.0.19041.1110_none_60b5254171f9507e\COMCTL32.dll
0x00007ff973c10000 - 0x00007ff973cae000 	C:\WINDOWS\System32\msvcrt.dll
0x00007ff973be0000 - 0x00007ff973c10000 	C:\WINDOWS\System32\IMM32.DLL
0x00007ff96ae80000 - 0x00007ff96ae8c000 	c:\Users\D&T\.vscode\extensions\redhat.java-1.25.1-win32-x64\jre\17.0.9-win32-x86_64\bin\vcruntime140_1.dll
0x00007ff936100000 - 0x00007ff93618d000 	c:\Users\D&T\.vscode\extensions\redhat.java-1.25.1-win32-x64\jre\17.0.9-win32-x86_64\bin\msvcp140.dll
0x00007ff90e9d0000 - 0x00007ff90f631000 	c:\Users\D&T\.vscode\extensions\redhat.java-1.25.1-win32-x64\jre\17.0.9-win32-x86_64\bin\server\jvm.dll
0x00007ff974550000 - 0x00007ff9745ff000 	C:\WINDOWS\System32\ADVAPI32.dll
0x00007ff974600000 - 0x00007ff97469c000 	C:\WINDOWS\System32\sechost.dll
0x00007ff973830000 - 0x00007ff973956000 	C:\WINDOWS\System32\RPCRT4.dll
0x00007ff972af0000 - 0x00007ff972b3b000 	C:\WINDOWS\SYSTEM32\POWRPROF.dll
0x00007ff96a830000 - 0x00007ff96a839000 	C:\WINDOWS\SYSTEM32\WSOCK32.dll
0x00007ff974990000 - 0x00007ff9749fb000 	C:\WINDOWS\System32\WS2_32.dll
0x00007ff95ee20000 - 0x00007ff95ee47000 	C:\WINDOWS\SYSTEM32\WINMM.dll
0x00007ff96c3e0000 - 0x00007ff96c3ea000 	C:\WINDOWS\SYSTEM32\VERSION.dll
0x00007ff972ad0000 - 0x00007ff972ae2000 	C:\WINDOWS\SYSTEM32\UMPDC.dll
0x00007ff9714d0000 - 0x00007ff9714e2000 	C:\WINDOWS\SYSTEM32\kernel.appcore.dll
0x00007ff9686a0000 - 0x00007ff9686aa000 	c:\Users\D&T\.vscode\extensions\redhat.java-1.25.1-win32-x64\jre\17.0.9-win32-x86_64\bin\jimage.dll
0x00007ff970a40000 - 0x00007ff970c24000 	C:\WINDOWS\SYSTEM32\DBGHELP.DLL
0x00007ff969f60000 - 0x00007ff969f94000 	C:\WINDOWS\SYSTEM32\dbgcore.DLL
0x00007ff9730a0000 - 0x00007ff973122000 	C:\WINDOWS\System32\bcryptPrimitives.dll
0x00007ff968560000 - 0x00007ff96856e000 	c:\Users\D&T\.vscode\extensions\redhat.java-1.25.1-win32-x64\jre\17.0.9-win32-x86_64\bin\instrument.dll
0x00007ff948480000 - 0x00007ff9484a5000 	c:\Users\D&T\.vscode\extensions\redhat.java-1.25.1-win32-x64\jre\17.0.9-win32-x86_64\bin\java.dll
0x00007ff95b1b0000 - 0x00007ff95b1c8000 	c:\Users\D&T\.vscode\extensions\redhat.java-1.25.1-win32-x64\jre\17.0.9-win32-x86_64\bin\zip.dll
0x00007ff974d60000 - 0x00007ff9754a4000 	C:\WINDOWS\System32\SHELL32.dll
0x00007ff970c30000 - 0x00007ff9713c4000 	C:\WINDOWS\SYSTEM32\windows.storage.dll
0x00007ff974a00000 - 0x00007ff974d54000 	C:\WINDOWS\System32\combase.dll
0x00007ff972600000 - 0x00007ff97262e000 	C:\WINDOWS\SYSTEM32\Wldp.dll
0x00007ff974880000 - 0x00007ff97492d000 	C:\WINDOWS\System32\SHCORE.dll
0x00007ff974930000 - 0x00007ff974985000 	C:\WINDOWS\System32\shlwapi.dll
0x00007ff972bc0000 - 0x00007ff972be5000 	C:\WINDOWS\SYSTEM32\profapi.dll
0x00007ff95af30000 - 0x00007ff95af49000 	C:\Users\D&T\.vscode\extensions\redhat.java-1.25.1-win32-x64\jre\17.0.9-win32-x86_64\bin\net.dll
0x00007ff96bfe0000 - 0x00007ff96c0ea000 	C:\WINDOWS\SYSTEM32\WINHTTP.dll
0x00007ff972360000 - 0x00007ff9723ca000 	C:\WINDOWS\system32\mswsock.dll
0x00007ff95a5c0000 - 0x00007ff95a5d6000 	C:\Users\D&T\.vscode\extensions\redhat.java-1.25.1-win32-x64\jre\17.0.9-win32-x86_64\bin\nio.dll
0x00007ff965800000 - 0x00007ff965810000 	c:\Users\D&T\.vscode\extensions\redhat.java-1.25.1-win32-x64\jre\17.0.9-win32-x86_64\bin\verify.dll
0x00007ff93e3e0000 - 0x00007ff93e41e000 	C:\Users\D&T\AppData\Roaming\Code\User\globalStorage\redhat.java\1.25.1\config_ss_win\org.eclipse.equinox.launcher\org.eclipse.equinox.launcher.win32.win32.x86_64_1.2.800.v20231003-1442\eclipse_11802.dll
0x00007ff973960000 - 0x00007ff973a8a000 	C:\WINDOWS\System32\ole32.dll

dbghelp: loaded successfully - version: 4.0.5 - missing functions: none
symbol engine: initialized successfully - sym options: 0x614 - pdb path: .;c:\Users\D&T\.vscode\extensions\redhat.java-1.25.1-win32-x64\jre\17.0.9-win32-x86_64\bin;C:\WINDOWS\SYSTEM32;C:\WINDOWS\WinSxS\amd64_microsoft.windows.common-controls_6595b64144ccf1df_6.0.19041.1110_none_60b5254171f9507e;c:\Users\D&T\.vscode\extensions\redhat.java-1.25.1-win32-x64\jre\17.0.9-win32-x86_64\bin\server;C:\Users\D&T\AppData\Roaming\Code\User\globalStorage\redhat.java\1.25.1\config_ss_win\org.eclipse.equinox.launcher\org.eclipse.equinox.launcher.win32.win32.x86_64_1.2.800.v20231003-1442

VM Arguments:
jvm_args: --add-modules=ALL-SYSTEM --add-opens=java.base/java.util=ALL-UNNAMED --add-opens=java.base/java.lang=ALL-UNNAMED --add-opens=java.base/sun.nio.fs=ALL-UNNAMED -Declipse.application=org.eclipse.jdt.ls.core.id1 -Dosgi.bundles.defaultStartLevel=4 -Declipse.product=org.eclipse.jdt.ls.core.product -Djava.import.generatesMetadataFilesAtProjectRoot=false -DDetectVMInstallationsJob.disabled=true -Dfile.encoding=utf8 -XX:+UseParallelGC -XX:GCTimeRatio=4 -XX:AdaptiveSizePolicyWeight=90 -Dsun.zip.disableMemoryMapping=true -Xmx1G -Xms100m -Xlog:disable -javaagent:c:\Users\D&T\.vscode\extensions\redhat.java-1.25.1-win32-x64\lombok\lombok-1.18.30.jar 
java_command: c:\Users\D&T\.vscode\extensions\redhat.java-1.25.1-win32-x64\server\plugins\org.eclipse.equinox.launcher_1.6.600.v20231106-1826.jar -configuration c:\Users\D&T\AppData\Roaming\Code\User\globalStorage\redhat.java\1.25.1\config_ss_win -data c:\Users\D&T\AppData\Roaming\Code\User\workspaceStorage\aa611f619f8a67acc80f9296a39a286f\redhat.java\ss_ws --stdio
java_class_path (initial): c:\Users\D&T\.vscode\extensions\redhat.java-1.25.1-win32-x64\server\plugins\org.eclipse.equinox.launcher_1.6.600.v20231106-1826.jar
Launcher Type: SUN_STANDARD

[Global flags]
    uintx AdaptiveSizePolicyWeight                 = 90                                        {product} {command line}
     intx CICompilerCount                          = 3                                         {product} {ergonomic}
    uintx GCTimeRatio                              = 4                                         {product} {command line}
   size_t InitialHeapSize                          = 104857600                                 {product} {command line}
   size_t MaxHeapSize                              = 1073741824                                {product} {command line}
   size_t MaxNewSize                               = 357564416                                 {product} {ergonomic}
   size_t MinHeapDeltaBytes                        = 524288                                    {product} {ergonomic}
   size_t MinHeapSize                              = 104857600                                 {product} {command line}
   size_t NewSize                                  = 34603008                                  {product} {ergonomic}
    uintx NonNMethodCodeHeapSize                   = 5832780                                {pd product} {ergonomic}
    uintx NonProfiledCodeHeapSize                  = 122912730                              {pd product} {ergonomic}
   size_t OldSize                                  = 70254592                                  {product} {ergonomic}
    uintx ProfiledCodeHeapSize                     = 122912730                              {pd product} {ergonomic}
    uintx ReservedCodeCacheSize                    = 251658240                              {pd product} {ergonomic}
     bool SegmentedCodeCache                       = true                                      {product} {ergonomic}
   size_t SoftMaxHeapSize                          = 1073741824                             {manageable} {ergonomic}
     bool UseCompressedClassPointers               = true                           {product lp64_product} {ergonomic}
     bool UseCompressedOops                        = true                           {product lp64_product} {ergonomic}
     bool UseLargePagesIndividualAllocation        = false                                  {pd product} {ergonomic}
     bool UseParallelGC                            = true                                      {product} {command line}

Logging:
Log output configuration:
 #0: stdout all=off uptime,level,tags
 #1: stderr all=off uptime,level,tags

Environment Variables:
PATH=C:\Program Files\Common Files\Oracle\Java\javapath;C:\WINDOWS\system32;C:\WINDOWS;C:\WINDOWS\System32\Wbem;C:\WINDOWS\System32\WindowsPowerShell\v1.0\;C:\WINDOWS\System32\OpenSSH\;C:\Users\D&T\AppData\Local\Microsoft\WindowsApps;C:\Users\D&T\AppData\Local\GitHubDesktop\bin;C:\Users\D&T\AppData\Local\Programs\Microsoft VS Code\bin
USERNAME=D&T
OS=Windows_NT
PROCESSOR_IDENTIFIER=Intel64 Family 6 Model 122 Stepping 1, GenuineIntel
TMP=C:\Users\D&T\AppData\Local\Temp
TEMP=C:\Users\D&T\AppData\Local\Temp



Periodic native trim disabled


---------------  S Y S T E M  ---------------

OS:
 Windows 10 , 64 bit Build 19041 (10.0.19041.3155)
OS uptime: 0 days 19:10 hours

CPU: total 4 (initial active 4) (4 cores per cpu, 1 threads per core) family 6 model 122 stepping 1 microcode 0x32, cx8, cmov, fxsr, mmx, 3dnowpref, sse, sse2, sse3, ssse3, sse4.1, sse4.2, popcnt, tsc, tscinvbit, aes, erms, clmul, sha, clflush, clflushopt
Processor Information for all 4 processors :
  Max Mhz: 1101, Current Mhz: 1101, Mhz Limit: 1101

Memory: 4k page, system-wide physical 3918M (583M free)
TotalPageFile size 9883M (AvailPageFile size 2M)
current process WorkingSet (physical memory assigned to process): 125M, peak: 125M
current process commit charge ("private bytes"): 221M, peak: 222M

vm_info: OpenJDK 64-Bit Server VM (17.0.9+9) for windows-amd64 JRE (17.0.9+9), built on Oct 26 2023 14:01:42 by "admin" with MS VC++ 16.10 / 16.11 (VS2019)

END.
